<!DOCTYPE html PUBLIC "-//W3C//DTD XHTML 1.1//EN" "http://www.w3.org/TR/xhtml11/DTD/xhtml11.dtd">
<html xmlns="http://www.w3.org/1999/xhtml">
<head>
<meta http-equiv="content-type" content="text/html; charset=UTF-8"/>
<title>TestNG Report</title>
<style type="text/css">table {margin-bottom:10px;border-collapse:collapse;empty-cells:show}th,td {border:1px solid #009;padding:.25em .5em}th {vertical-align:bottom}td {vertical-align:top}table a {font-weight:bold}.stripe td {background-color: #E6EBF9}.num {text-align:right}.passedodd td {background-color: #3F3}.passedeven td {background-color: #0A0}.skippedodd td {background-color: #DDD}.skippedeven td {background-color: #CCC}.failedodd td,.attn {background-color: #F33}.failedeven td,.stripe .attn {background-color: #D00}.stacktrace {white-space:pre;font-family:monospace}.totop {font-size:85%;text-align:center;border-bottom:2px solid #000}.invisible {display:none}</style>
</head>
<body>
<table>
<tr><th>Test</th><th># Passed</th><th># Skipped</th><th># Retried</th><th># Failed</th><th>Time (ms)</th><th>Included Groups</th><th>Excluded Groups</th></tr>
<tr><th colspan="7">com.mycompany_QMS2.0_jar_1.0-SNAPSHOT</th></tr>
<tr><td><a href="#t0">QMSTestSuites suite1</a></td><td class="num">0</td><td class="num attn">5</td><td class="num">0</td><td class="num attn">5</td><td class="num">4,240</td><td></td><td></td></tr>
<tr class="stripe"><td><a href="#t1">QMSTestSuites suite2</a></td><td class="num">0</td><td class="num attn">5</td><td class="num">0</td><td class="num attn">5</td><td class="num">31</td><td></td><td></td></tr>
<tr><td><a href="#t2">QMSTestSuites suite3</a></td><td class="num">0</td><td class="num attn">3</td><td class="num">0</td><td class="num attn">3</td><td class="num">31</td><td></td><td></td></tr>
<tr class="stripe"><td><a href="#t3">QMSTestSuites suite4</a></td><td class="num">0</td><td class="num attn">5</td><td class="num">0</td><td class="num attn">5</td><td class="num">15</td><td></td><td></td></tr>
<tr><td><a href="#t4">QMSTestSuites suite5</a></td><td class="num">0</td><td class="num attn">6</td><td class="num">0</td><td class="num attn">6</td><td class="num">16</td><td></td><td></td></tr>
<tr class="stripe"><td><a href="#t5">QMSTestSuites suite6</a></td><td class="num">0</td><td class="num attn">3</td><td class="num">0</td><td class="num attn">3</td><td class="num">15</td><td></td><td></td></tr>
<tr><td><a href="#t6">QMSTestSuites suite7</a></td><td class="num">0</td><td class="num attn">3</td><td class="num">0</td><td class="num attn">3</td><td class="num">0</td><td></td><td></td></tr>
<tr class="stripe"><td><a href="#t7">QMSTestSuites suite8</a></td><td class="num">0</td><td class="num attn">2</td><td class="num">0</td><td class="num attn">2</td><td class="num">0</td><td></td><td></td></tr>
<tr><td><a href="#t8">QMSTestSuites suite9</a></td><td class="num">0</td><td class="num attn">4</td><td class="num">0</td><td class="num attn">4</td><td class="num">15</td><td></td><td></td></tr>
<tr class="stripe"><td><a href="#t9">QMSTestSuites suite10</a></td><td class="num">0</td><td class="num attn">5</td><td class="num">0</td><td class="num attn">5</td><td class="num">15</td><td></td><td></td></tr>
<tr><td><a href="#t10">QMSTestSuites suite11</a></td><td class="num">0</td><td class="num attn">2</td><td class="num">0</td><td class="num attn">2</td><td class="num">0</td><td></td><td></td></tr>
<tr><th>Total</th><th class="num">0</th><th class="num attn">43</th><th class="num">0</th><th class="num attn">43</th><th class="num">4,378</th><th colspan="2"></th></tr>
</table>
<table id='summary'><thead><tr><th>Class</th><th>Method</th><th>Start</th><th>Time (ms)</th></tr></thead><tbody><tr><th colspan="4">com.mycompany_QMS2.0_jar_1.0-SNAPSHOT</th></tr></tbody><tbody id="t0"><tr><th colspan="4">QMSTestSuites suite1 &#8212; failed (configuration methods)</th></tr><tr class="failedeven"><td rowspan="2">com.pss.qms.ChangeControlRejection.CCInitiation</td><td><a href="#m0">setUp</a></td><td rowspan="1">1651335871583</td><td rowspan="1">4099</td></tr><tr class="failedeven"><td><a href="#m1">tearDown</a></td><td rowspan="1">1651335875761</td><td rowspan="1">-1651335875761</td></tr><tr class="failedodd"><td rowspan="2">com.pss.qms.ChangeControlRejection.DeptReviewerApprove</td><td><a href="#m2">setUp</a></td><td rowspan="1">1651335875776</td><td rowspan="1">-1651335875776</td></tr><tr class="failedodd"><td><a href="#m3">tearDown</a></td><td rowspan="1">1651335875792</td><td rowspan="1">-1651335875792</td></tr><tr class="failedeven"><td rowspan="2">com.pss.qms.ChangeControlRejection.DeptReviewerReject</td><td><a href="#m4">setUp</a></td><td rowspan="1">1651335875761</td><td rowspan="1">-1651335875761</td></tr><tr class="failedeven"><td><a href="#m5">tearDown</a></td><td rowspan="1">1651335875761</td><td rowspan="1">-1651335875761</td></tr><tr class="failedodd"><td rowspan="2">com.pss.qms.ChangeControlRejection.QAReviewReject</td><td><a href="#m6">setUp</a></td><td rowspan="1">1651335875792</td><td rowspan="1">-1651335875792</td></tr><tr class="failedodd"><td><a href="#m7">tearDown</a></td><td rowspan="1">1651335875807</td><td rowspan="1">-1651335875807</td></tr><tr class="failedeven"><td rowspan="2">com.pss.qms.ChangeControlRejection.ReInitiateDocument</td><td><a href="#m8">setUp</a></td><td rowspan="1">1651335875776</td><td rowspan="1">-1651335875776</td></tr><tr class="failedeven"><td><a href="#m9">tearDown</a></td><td rowspan="1">1651335875776</td><td rowspan="1">-1651335875776</td></tr><tr><th colspan="4">QMSTestSuites suite1 &#8212; failed</th></tr><tr class="failedeven"><td rowspan="1">com.pss.qms.ChangeControlRejection.CCInitiation</td><td><a href="#m10">toCCInitiation</a></td><td rowspan="1">1651335875714</td><td rowspan="1">47</td></tr><tr class="failedodd"><td rowspan="1">com.pss.qms.ChangeControlRejection.DeptReviewerApprove</td><td><a href="#m11">toDeptReviewerApprove</a></td><td rowspan="1">1651335875776</td><td rowspan="1">0</td></tr><tr class="failedeven"><td rowspan="1">com.pss.qms.ChangeControlRejection.DeptReviewerReject</td><td><a href="#m12">toDeptReviewerReject</a></td><td rowspan="1">1651335875761</td><td rowspan="1">0</td></tr><tr class="failedodd"><td rowspan="1">com.pss.qms.ChangeControlRejection.QAReviewReject</td><td><a href="#m13">toQAReviewReject</a></td><td rowspan="1">1651335875792</td><td rowspan="1">0</td></tr><tr class="failedeven"><td rowspan="1">com.pss.qms.ChangeControlRejection.ReInitiateDocument</td><td><a href="#m14">toReInitiateDocument</a></td><td rowspan="1">1651335875776</td><td rowspan="1">0</td></tr><tr><th colspan="4">QMSTestSuites suite1 &#8212; skipped</th></tr><tr class="skippedeven"><td rowspan="1">com.pss.qms.ChangeControlRejection.CCInitiation</td><td><a href="#m15">toCCInitiation</a></td><td rowspan="1">1651335875745</td><td rowspan="1">0</td></tr><tr class="skippedodd"><td rowspan="1">com.pss.qms.ChangeControlRejection.DeptReviewerApprove</td><td><a href="#m16">toDeptReviewerApprove</a></td><td rowspan="1">1651335875776</td><td rowspan="1">0</td></tr><tr class="skippedeven"><td rowspan="1">com.pss.qms.ChangeControlRejection.DeptReviewerReject</td><td><a href="#m17">toDeptReviewerReject</a></td><td rowspan="1">1651335875761</td><td rowspan="1">0</td></tr><tr class="skippedodd"><td rowspan="1">com.pss.qms.ChangeControlRejection.QAReviewReject</td><td><a href="#m18">toQAReviewReject</a></td><td rowspan="1">1651335875792</td><td rowspan="1">0</td></tr><tr class="skippedeven"><td rowspan="1">com.pss.qms.ChangeControlRejection.ReInitiateDocument</td><td><a href="#m19">toReInitiateDocument</a></td><td rowspan="1">1651335875776</td><td rowspan="1">0</td></tr></tbody>
<tbody id="t1"><tr><th colspan="4">QMSTestSuites suite2 &#8212; failed (configuration methods)</th></tr><tr class="failedeven"><td rowspan="2">com.pss.qms.ChangeControlRejection.CFTReviewReject</td><td><a href="#m20">setUp</a></td><td rowspan="1">1651335876026</td><td rowspan="1">-1651335876026</td></tr><tr class="failedeven"><td><a href="#m21">tearDown</a></td><td rowspan="1">1651335876042</td><td rowspan="1">-1651335876042</td></tr><tr class="failedodd"><td rowspan="2">com.pss.qms.ChangeControlRejection.DeptReReview</td><td><a href="#m22">setUp</a></td><td rowspan="1">1651335876011</td><td rowspan="1">-1651335876011</td></tr><tr class="failedodd"><td><a href="#m23">tearDown</a></td><td rowspan="1">1651335876026</td><td rowspan="1">-1651335876026</td></tr><tr class="failedeven"><td rowspan="2">com.pss.qms.ChangeControlRejection.QAReviewApproveAfterReject</td><td><a href="#m24">setUp</a></td><td rowspan="1">1651335876026</td><td rowspan="1">-1651335876026</td></tr><tr class="failedeven"><td><a href="#m25">tearDown</a></td><td rowspan="1">1651335876026</td><td rowspan="1">-1651335876026</td></tr><tr class="failedodd"><td rowspan="2">com.pss.qms.ChangeControlRejection.QAReviewerAfterCFTReject</td><td><a href="#m26">setUp</a></td><td rowspan="1">1651335876042</td><td rowspan="1">-1651335876042</td></tr><tr class="failedodd"><td><a href="#m27">tearDown</a></td><td rowspan="1">1651335876042</td><td rowspan="1">-1651335876042</td></tr><tr class="failedeven"><td rowspan="2">com.pss.qms.ChangeControlRejection.ReInitiateDocument</td><td><a href="#m28">setUp</a></td><td rowspan="1">1651335876011</td><td rowspan="1">-1651335876011</td></tr><tr class="failedeven"><td><a href="#m29">tearDown</a></td><td rowspan="1">1651335876011</td><td rowspan="1">-1651335876011</td></tr><tr><th colspan="4">QMSTestSuites suite2 &#8212; failed</th></tr><tr class="failedeven"><td rowspan="1">com.pss.qms.ChangeControlRejection.CFTReviewReject</td><td><a href="#m30">toCFTReviewReject</a></td><td rowspan="1">1651335876026</td><td rowspan="1">0</td></tr><tr class="failedodd"><td rowspan="1">com.pss.qms.ChangeControlRejection.DeptReReview</td><td><a href="#m31">toDeptReReview</a></td><td rowspan="1">1651335876011</td><td rowspan="1">0</td></tr><tr class="failedeven"><td rowspan="1">com.pss.qms.ChangeControlRejection.QAReviewApproveAfterReject</td><td><a href="#m32">toQAReviewerCC</a></td><td rowspan="1">1651335876026</td><td rowspan="1">0</td></tr><tr class="failedodd"><td rowspan="1">com.pss.qms.ChangeControlRejection.QAReviewerAfterCFTReject</td><td><a href="#m33">toQAReviewerAfterCFTReject</a></td><td rowspan="1">1651335876042</td><td rowspan="1">0</td></tr><tr class="failedeven"><td rowspan="1">com.pss.qms.ChangeControlRejection.ReInitiateDocument</td><td><a href="#m34">toReInitiateDocument</a></td><td rowspan="1">1651335876011</td><td rowspan="1">0</td></tr><tr><th colspan="4">QMSTestSuites suite2 &#8212; skipped</th></tr><tr class="skippedeven"><td rowspan="1">com.pss.qms.ChangeControlRejection.CFTReviewReject</td><td><a href="#m35">toCFTReviewReject</a></td><td rowspan="1">1651335876026</td><td rowspan="1">0</td></tr><tr class="skippedodd"><td rowspan="1">com.pss.qms.ChangeControlRejection.DeptReReview</td><td><a href="#m36">toDeptReReview</a></td><td rowspan="1">1651335876011</td><td rowspan="1">0</td></tr><tr class="skippedeven"><td rowspan="1">com.pss.qms.ChangeControlRejection.QAReviewApproveAfterReject</td><td><a href="#m37">toQAReviewerCC</a></td><td rowspan="1">1651335876026</td><td rowspan="1">0</td></tr><tr class="skippedodd"><td rowspan="1">com.pss.qms.ChangeControlRejection.QAReviewerAfterCFTReject</td><td><a href="#m38">toQAReviewerAfterCFTReject</a></td><td rowspan="1">1651335876042</td><td rowspan="1">0</td></tr><tr class="skippedeven"><td rowspan="1">com.pss.qms.ChangeControlRejection.ReInitiateDocument</td><td><a href="#m39">toReInitiateDocument</a></td><td rowspan="1">1651335876011</td><td rowspan="1">0</td></tr></tbody>
<tbody id="t2"><tr><th colspan="4">QMSTestSuites suite3 &#8212; failed (configuration methods)</th></tr><tr class="failedeven"><td rowspan="2">com.pss.qms.ChangeControlRejection.CFTReviewApprove</td><td><a href="#m40">setUp</a></td><td rowspan="1">1651335876136</td><td rowspan="1">-1651335876136</td></tr><tr class="failedeven"><td><a href="#m41">tearDown</a></td><td rowspan="1">1651335876151</td><td rowspan="1">-1651335876151</td></tr><tr class="failedodd"><td rowspan="2">com.pss.qms.ChangeControlRejection.QAReviewerAfterCFTReject</td><td><a href="#m42">setUp</a></td><td rowspan="1">1651335876167</td><td rowspan="1">-1651335876167</td></tr><tr class="failedodd"><td><a href="#m43">tearDown</a></td><td rowspan="1">1651335876167</td><td rowspan="1">-1651335876167</td></tr><tr class="failedeven"><td rowspan="2">com.pss.qms.ChangeControlRejection.RegReviewerReject</td><td><a href="#m44">setUp</a></td><td rowspan="1">1651335876167</td><td rowspan="1">-1651335876167</td></tr><tr class="failedeven"><td><a href="#m45">tearDown</a></td><td rowspan="1">1651335876167</td><td rowspan="1">-1651335876167</td></tr><tr><th colspan="4">QMSTestSuites suite3 &#8212; failed</th></tr><tr class="failedeven"><td rowspan="1">com.pss.qms.ChangeControlRejection.CFTReviewApprove</td><td><a href="#m46">toCFTReviewApprove</a></td><td rowspan="1">1651335876151</td><td rowspan="1">0</td></tr><tr class="failedodd"><td rowspan="1">com.pss.qms.ChangeControlRejection.QAReviewerAfterCFTReject</td><td><a href="#m47">toQAReviewerAfterCFTReject</a></td><td rowspan="1">1651335876167</td><td rowspan="1">0</td></tr><tr class="failedeven"><td rowspan="1">com.pss.qms.ChangeControlRejection.RegReviewerReject</td><td><a href="#m48">toRegReviewerReject</a></td><td rowspan="1">1651335876167</td><td rowspan="1">0</td></tr><tr><th colspan="4">QMSTestSuites suite3 &#8212; skipped</th></tr><tr class="skippedeven"><td rowspan="1">com.pss.qms.ChangeControlRejection.CFTReviewApprove</td><td><a href="#m49">toCFTReviewApprove</a></td><td rowspan="1">1651335876151</td><td rowspan="1">0</td></tr><tr class="skippedodd"><td rowspan="1">com.pss.qms.ChangeControlRejection.QAReviewerAfterCFTReject</td><td><a href="#m50">toQAReviewerAfterCFTReject</a></td><td rowspan="1">1651335876167</td><td rowspan="1">0</td></tr><tr class="skippedeven"><td rowspan="1">com.pss.qms.ChangeControlRejection.RegReviewerReject</td><td><a href="#m51">toRegReviewerReject</a></td><td rowspan="1">1651335876167</td><td rowspan="1">0</td></tr></tbody>
<tbody id="t3"><tr><th colspan="4">QMSTestSuites suite4 &#8212; failed (configuration methods)</th></tr><tr class="failedeven"><td rowspan="2">com.pss.qms.ChangeControlRejection.CFTReviewApprove</td><td><a href="#m52">setUp</a></td><td rowspan="1">1651335876261</td><td rowspan="1">-1651335876261</td></tr><tr class="failedeven"><td><a href="#m53">tearDown</a></td><td rowspan="1">1651335876261</td><td rowspan="1">-1651335876261</td></tr><tr class="failedodd"><td rowspan="2">com.pss.qms.ChangeControlRejection.CustomerNotification</td><td><a href="#m54">setUp</a></td><td rowspan="1">1651335876261</td><td rowspan="1">-1651335876261</td></tr><tr class="failedodd"><td><a href="#m55">tearDown</a></td><td rowspan="1">1651335876261</td><td rowspan="1">-1651335876261</td></tr><tr class="failedeven"><td rowspan="2">com.pss.qms.ChangeControlRejection.CustomerResponseReject</td><td><a href="#m56">setUp</a></td><td rowspan="1">1651335876261</td><td rowspan="1">-1651335876261</td></tr><tr class="failedeven"><td><a href="#m57">tearDown</a></td><td rowspan="1">1651335876276</td><td rowspan="1">-1651335876276</td></tr><tr class="failedodd"><td rowspan="2">com.pss.qms.ChangeControlRejection.QAReviewAfterCustomerReject</td><td><a href="#m58">setUp</a></td><td rowspan="1">1651335876276</td><td rowspan="1">-1651335876276</td></tr><tr class="failedodd"><td><a href="#m59">tearDown</a></td><td rowspan="1">1651335876276</td><td rowspan="1">-1651335876276</td></tr><tr class="failedeven"><td rowspan="2">com.pss.qms.ChangeControlRejection.RegReviewerApprove</td><td><a href="#m60">setUp</a></td><td rowspan="1">1651335876261</td><td rowspan="1">-1651335876261</td></tr><tr class="failedeven"><td><a href="#m61">tearDown</a></td><td rowspan="1">1651335876261</td><td rowspan="1">-1651335876261</td></tr><tr><th colspan="4">QMSTestSuites suite4 &#8212; failed</th></tr><tr class="failedeven"><td rowspan="1">com.pss.qms.ChangeControlRejection.CFTReviewApprove</td><td><a href="#m62">toCFTReviewApprove</a></td><td rowspan="1">1651335876261</td><td rowspan="1">0</td></tr><tr class="failedodd"><td rowspan="1">com.pss.qms.ChangeControlRejection.CustomerNotification</td><td><a href="#m63">toCustomerNotification</a></td><td rowspan="1">1651335876261</td><td rowspan="1">0</td></tr><tr class="failedeven"><td rowspan="1">com.pss.qms.ChangeControlRejection.CustomerResponseReject</td><td><a href="#m64">toReviewCCCustomerResponseReject</a></td><td rowspan="1">1651335876261</td><td rowspan="1">0</td></tr><tr class="failedodd"><td rowspan="1">com.pss.qms.ChangeControlRejection.QAReviewAfterCustomerReject</td><td><a href="#m65">toQAReviewAfterCustomerReject</a></td><td rowspan="1">1651335876276</td><td rowspan="1">0</td></tr><tr class="failedeven"><td rowspan="1">com.pss.qms.ChangeControlRejection.RegReviewerApprove</td><td><a href="#m66">toRegReviewerApprove</a></td><td rowspan="1">1651335876261</td><td rowspan="1">0</td></tr><tr><th colspan="4">QMSTestSuites suite4 &#8212; skipped</th></tr><tr class="skippedeven"><td rowspan="1">com.pss.qms.ChangeControlRejection.CFTReviewApprove</td><td><a href="#m67">toCFTReviewApprove</a></td><td rowspan="1">1651335876261</td><td rowspan="1">0</td></tr><tr class="skippedodd"><td rowspan="1">com.pss.qms.ChangeControlRejection.CustomerNotification</td><td><a href="#m68">toCustomerNotification</a></td><td rowspan="1">1651335876261</td><td rowspan="1">0</td></tr><tr class="skippedeven"><td rowspan="1">com.pss.qms.ChangeControlRejection.CustomerResponseReject</td><td><a href="#m69">toReviewCCCustomerResponseReject</a></td><td rowspan="1">1651335876261</td><td rowspan="1">0</td></tr><tr class="skippedodd"><td rowspan="1">com.pss.qms.ChangeControlRejection.QAReviewAfterCustomerReject</td><td><a href="#m70">toQAReviewAfterCustomerReject</a></td><td rowspan="1">1651335876276</td><td rowspan="1">0</td></tr><tr class="skippedeven"><td rowspan="1">com.pss.qms.ChangeControlRejection.RegReviewerApprove</td><td><a href="#m71">toRegReviewerApprove</a></td><td rowspan="1">1651335876261</td><td rowspan="1">0</td></tr></tbody>
<tbody id="t4"><tr><th colspan="4">QMSTestSuites suite5 &#8212; failed (configuration methods)</th></tr><tr class="failedeven"><td rowspan="2">com.pss.qms.ChangeControlRejection.CFTReviewApprove</td><td><a href="#m72">setUp</a></td><td rowspan="1">1651335876354</td><td rowspan="1">-1651335876354</td></tr><tr class="failedeven"><td><a href="#m73">tearDown</a></td><td rowspan="1">1651335876354</td><td rowspan="1">-1651335876354</td></tr><tr class="failedodd"><td rowspan="2">com.pss.qms.ChangeControlRejection.CustomerNotification</td><td><a href="#m74">setUp</a></td><td rowspan="1">1651335876354</td><td rowspan="1">-1651335876354</td></tr><tr class="failedodd"><td><a href="#m75">tearDown</a></td><td rowspan="1">1651335876354</td><td rowspan="1">-1651335876354</td></tr><tr class="failedeven"><td rowspan="2">com.pss.qms.ChangeControlRejection.CustomerResponse</td><td><a href="#m76">setUp</a></td><td rowspan="1">1651335876370</td><td rowspan="1">-1651335876370</td></tr><tr class="failedeven"><td><a href="#m77">tearDown</a></td><td rowspan="1">1651335876370</td><td rowspan="1">-1651335876370</td></tr><tr class="failedodd"><td rowspan="2">com.pss.qms.ChangeControlRejection.QAApproveReject</td><td><a href="#m78">setUp</a></td><td rowspan="1">1651335876370</td><td rowspan="1">-1651335876370</td></tr><tr class="failedodd"><td><a href="#m79">tearDown</a></td><td rowspan="1">1651335876370</td><td rowspan="1">-1651335876370</td></tr><tr class="failedeven"><td rowspan="2">com.pss.qms.ChangeControlRejection.QAReviewWithoutCFT</td><td><a href="#m80">setUp</a></td><td rowspan="1">1651335876370</td><td rowspan="1">-1651335876370</td></tr><tr class="failedeven"><td><a href="#m81">tearDown</a></td><td rowspan="1">1651335876370</td><td rowspan="1">-1651335876370</td></tr><tr class="failedodd"><td rowspan="2">com.pss.qms.ChangeControlRejection.RegReviewerApprove</td><td><a href="#m82">setUp</a></td><td rowspan="1">1651335876354</td><td rowspan="1">-1651335876354</td></tr><tr class="failedodd"><td><a href="#m83">tearDown</a></td><td rowspan="1">1651335876354</td><td rowspan="1">-1651335876354</td></tr><tr><th colspan="4">QMSTestSuites suite5 &#8212; failed</th></tr><tr class="failedeven"><td rowspan="1">com.pss.qms.ChangeControlRejection.CFTReviewApprove</td><td><a href="#m84">toCFTReviewApprove</a></td><td rowspan="1">1651335876354</td><td rowspan="1">0</td></tr><tr class="failedodd"><td rowspan="1">com.pss.qms.ChangeControlRejection.CustomerNotification</td><td><a href="#m85">toCustomerNotification</a></td><td rowspan="1">1651335876354</td><td rowspan="1">0</td></tr><tr class="failedeven"><td rowspan="1">com.pss.qms.ChangeControlRejection.CustomerResponse</td><td><a href="#m86">toCustomerResponse</a></td><td rowspan="1">1651335876370</td><td rowspan="1">0</td></tr><tr class="failedodd"><td rowspan="1">com.pss.qms.ChangeControlRejection.QAApproveReject</td><td><a href="#m87">toQAApproveReject</a></td><td rowspan="1">1651335876370</td><td rowspan="1">0</td></tr><tr class="failedeven"><td rowspan="1">com.pss.qms.ChangeControlRejection.QAReviewWithoutCFT</td><td><a href="#m88">toQAReviewWithoutCFT</a></td><td rowspan="1">1651335876370</td><td rowspan="1">0</td></tr><tr class="failedodd"><td rowspan="1">com.pss.qms.ChangeControlRejection.RegReviewerApprove</td><td><a href="#m89">toRegReviewerApprove</a></td><td rowspan="1">1651335876354</td><td rowspan="1">0</td></tr><tr><th colspan="4">QMSTestSuites suite5 &#8212; skipped</th></tr><tr class="skippedeven"><td rowspan="1">com.pss.qms.ChangeControlRejection.CFTReviewApprove</td><td><a href="#m90">toCFTReviewApprove</a></td><td rowspan="1">1651335876354</td><td rowspan="1">0</td></tr><tr class="skippedodd"><td rowspan="1">com.pss.qms.ChangeControlRejection.CustomerNotification</td><td><a href="#m91">toCustomerNotification</a></td><td rowspan="1">1651335876354</td><td rowspan="1">0</td></tr><tr class="skippedeven"><td rowspan="1">com.pss.qms.ChangeControlRejection.CustomerResponse</td><td><a href="#m92">toCustomerResponse</a></td><td rowspan="1">1651335876370</td><td rowspan="1">0</td></tr><tr class="skippedodd"><td rowspan="1">com.pss.qms.ChangeControlRejection.QAApproveReject</td><td><a href="#m93">toQAApproveReject</a></td><td rowspan="1">1651335876370</td><td rowspan="1">0</td></tr><tr class="skippedeven"><td rowspan="1">com.pss.qms.ChangeControlRejection.QAReviewWithoutCFT</td><td><a href="#m94">toQAReviewWithoutCFT</a></td><td rowspan="1">1651335876370</td><td rowspan="1">0</td></tr><tr class="skippedodd"><td rowspan="1">com.pss.qms.ChangeControlRejection.RegReviewerApprove</td><td><a href="#m95">toRegReviewerApprove</a></td><td rowspan="1">1651335876354</td><td rowspan="1">0</td></tr></tbody>
<tbody id="t5"><tr><th colspan="4">QMSTestSuites suite6 &#8212; failed (configuration methods)</th></tr><tr class="failedeven"><td rowspan="2">com.pss.qms.ChangeControlRejection.PostApprovalActionsInitiate</td><td><a href="#m96">setUp</a></td><td rowspan="1">1651335876479</td><td rowspan="1">-1651335876479</td></tr><tr class="failedeven"><td><a href="#m97">tearDown</a></td><td rowspan="1">1651335876479</td><td rowspan="1">-1651335876479</td></tr><tr class="failedodd"><td rowspan="2">com.pss.qms.ChangeControlRejection.QAApprover</td><td><a href="#m98">setUp</a></td><td rowspan="1">1651335876464</td><td rowspan="1">-1651335876464</td></tr><tr class="failedodd"><td><a href="#m99">tearDown</a></td><td rowspan="1">1651335876479</td><td rowspan="1">-1651335876479</td></tr><tr class="failedeven"><td rowspan="2">com.pss.qms.ChangeControlRejection.QAReviewAfterApproveReject</td><td><a href="#m100">setUp</a></td><td rowspan="1">1651335876464</td><td rowspan="1">-1651335876464</td></tr><tr class="failedeven"><td><a href="#m101">tearDown</a></td><td rowspan="1">1651335876464</td><td rowspan="1">-1651335876464</td></tr><tr><th colspan="4">QMSTestSuites suite6 &#8212; failed</th></tr><tr class="failedeven"><td rowspan="1">com.pss.qms.ChangeControlRejection.PostApprovalActionsInitiate</td><td><a href="#m102">toPostApprovalActionInitiate</a></td><td rowspan="1">1651335876479</td><td rowspan="1">0</td></tr><tr class="failedodd"><td rowspan="1">com.pss.qms.ChangeControlRejection.QAApprover</td><td><a href="#m103">toQAApprover</a></td><td rowspan="1">1651335876464</td><td rowspan="1">15</td></tr><tr class="failedeven"><td rowspan="1">com.pss.qms.ChangeControlRejection.QAReviewAfterApproveReject</td><td><a href="#m104">toQAReviewAfterApproveReject</a></td><td rowspan="1">1651335876464</td><td rowspan="1">0</td></tr><tr><th colspan="4">QMSTestSuites suite6 &#8212; skipped</th></tr><tr class="skippedeven"><td rowspan="1">com.pss.qms.ChangeControlRejection.PostApprovalActionsInitiate</td><td><a href="#m105">toPostApprovalActionInitiate</a></td><td rowspan="1">1651335876479</td><td rowspan="1">0</td></tr><tr class="skippedodd"><td rowspan="1">com.pss.qms.ChangeControlRejection.QAApprover</td><td><a href="#m106">toQAApprover</a></td><td rowspan="1">1651335876479</td><td rowspan="1">0</td></tr><tr class="skippedeven"><td rowspan="1">com.pss.qms.ChangeControlRejection.QAReviewAfterApproveReject</td><td><a href="#m107">toQAReviewAfterApproveReject</a></td><td rowspan="1">1651335876464</td><td rowspan="1">0</td></tr></tbody>
<tbody id="t6"><tr><th colspan="4">QMSTestSuites suite7 &#8212; failed (configuration methods)</th></tr><tr class="failedeven"><td rowspan="2">com.pss.qms.ChangeControlRejection.PostApprovalActionReviewApprove</td><td><a href="#m108">setUp</a></td><td rowspan="1">1651335876557</td><td rowspan="1">-1651335876557</td></tr><tr class="failedeven"><td><a href="#m109">tearDown</a></td><td rowspan="1">1651335876557</td><td rowspan="1">-1651335876557</td></tr><tr class="failedodd"><td rowspan="2">com.pss.qms.ChangeControlRejection.PostApprovalActionsInitiateAfterReject</td><td><a href="#m110">setUp</a></td><td rowspan="1">1651335876557</td><td rowspan="1">-1651335876557</td></tr><tr class="failedodd"><td><a href="#m111">tearDown</a></td><td rowspan="1">1651335876557</td><td rowspan="1">-1651335876557</td></tr><tr class="failedeven"><td rowspan="2">com.pss.qms.ChangeControlRejection.PostApprovalActionsReviewReject</td><td><a href="#m112">setUp</a></td><td rowspan="1">1651335876557</td><td rowspan="1">-1651335876557</td></tr><tr class="failedeven"><td><a href="#m113">tearDown</a></td><td rowspan="1">1651335876557</td><td rowspan="1">-1651335876557</td></tr><tr><th colspan="4">QMSTestSuites suite7 &#8212; failed</th></tr><tr class="failedeven"><td rowspan="1">com.pss.qms.ChangeControlRejection.PostApprovalActionReviewApprove</td><td><a href="#m114">toPostApprovalActionReview</a></td><td rowspan="1">1651335876557</td><td rowspan="1">0</td></tr><tr class="failedodd"><td rowspan="1">com.pss.qms.ChangeControlRejection.PostApprovalActionsInitiateAfterReject</td><td><a href="#m115">toPostApprovalActionsInitiateAfterReject</a></td><td rowspan="1">1651335876557</td><td rowspan="1">0</td></tr><tr class="failedeven"><td rowspan="1">com.pss.qms.ChangeControlRejection.PostApprovalActionsReviewReject</td><td><a href="#m116">toPostApprovalActionsReviewReject</a></td><td rowspan="1">1651335876557</td><td rowspan="1">0</td></tr><tr><th colspan="4">QMSTestSuites suite7 &#8212; skipped</th></tr><tr class="skippedeven"><td rowspan="1">com.pss.qms.ChangeControlRejection.PostApprovalActionReviewApprove</td><td><a href="#m117">toPostApprovalActionReview</a></td><td rowspan="1">1651335876557</td><td rowspan="1">0</td></tr><tr class="skippedodd"><td rowspan="1">com.pss.qms.ChangeControlRejection.PostApprovalActionsInitiateAfterReject</td><td><a href="#m118">toPostApprovalActionsInitiateAfterReject</a></td><td rowspan="1">1651335876557</td><td rowspan="1">0</td></tr><tr class="skippedeven"><td rowspan="1">com.pss.qms.ChangeControlRejection.PostApprovalActionsReviewReject</td><td><a href="#m119">toPostApprovalActionsReviewReject</a></td><td rowspan="1">1651335876557</td><td rowspan="1">0</td></tr></tbody>
<tbody id="t7"><tr><th colspan="4">QMSTestSuites suite8 &#8212; failed (configuration methods)</th></tr><tr class="failedeven"><td rowspan="2">com.pss.qms.ChangeControlRejection.ActionItemPerform</td><td><a href="#m120">setUp</a></td><td rowspan="1">1651335876620</td><td rowspan="1">-1651335876620</td></tr><tr class="failedeven"><td><a href="#m121">tearDown</a></td><td rowspan="1">1651335876620</td><td rowspan="1">-1651335876620</td></tr><tr class="failedodd"><td rowspan="2">com.pss.qms.ChangeControlRejection.PostApprovalActionRejectApproval</td><td><a href="#m122">setUp</a></td><td rowspan="1">1651335876620</td><td rowspan="1">-1651335876620</td></tr><tr class="failedodd"><td><a href="#m123">tearDown</a></td><td rowspan="1">1651335876620</td><td rowspan="1">-1651335876620</td></tr><tr><th colspan="4">QMSTestSuites suite8 &#8212; failed</th></tr><tr class="failedeven"><td rowspan="1">com.pss.qms.ChangeControlRejection.ActionItemPerform</td><td><a href="#m124">toActionItemPerform</a></td><td rowspan="1">1651335876620</td><td rowspan="1">0</td></tr><tr class="failedodd"><td rowspan="1">com.pss.qms.ChangeControlRejection.PostApprovalActionRejectApproval</td><td><a href="#m125">toPostApprovalActionApproval</a></td><td rowspan="1">1651335876620</td><td rowspan="1">0</td></tr><tr><th colspan="4">QMSTestSuites suite8 &#8212; skipped</th></tr><tr class="skippedeven"><td rowspan="1">com.pss.qms.ChangeControlRejection.ActionItemPerform</td><td><a href="#m126">toActionItemPerform</a></td><td rowspan="1">1651335876620</td><td rowspan="1">0</td></tr><tr class="skippedodd"><td rowspan="1">com.pss.qms.ChangeControlRejection.PostApprovalActionRejectApproval</td><td><a href="#m127">toPostApprovalActionApproval</a></td><td rowspan="1">1651335876620</td><td rowspan="1">0</td></tr></tbody>
<tbody id="t8"><tr><th colspan="4">QMSTestSuites suite9 &#8212; failed (configuration methods)</th></tr><tr class="failedeven"><td rowspan="2">com.pss.qms.ChangeControlRejection.ActionItemApproveReject</td><td><a href="#m128">setUp</a></td><td rowspan="1">1651335876682</td><td rowspan="1">-1651335876682</td></tr><tr class="failedeven"><td><a href="#m129">tearDown</a></td><td rowspan="1">1651335876682</td><td rowspan="1">-1651335876682</td></tr><tr class="failedodd"><td rowspan="2">com.pss.qms.ChangeControlRejection.ActionItemReject</td><td><a href="#m130">setUp</a></td><td rowspan="1">1651335876667</td><td rowspan="1">-1651335876667</td></tr><tr class="failedodd"><td><a href="#m131">tearDown</a></td><td rowspan="1">1651335876667</td><td rowspan="1">-1651335876667</td></tr><tr class="failedeven"><td rowspan="2">com.pss.qms.ChangeControlRejection.ActionItemRejectApprove</td><td><a href="#m132">setUp</a></td><td rowspan="1">1651335876667</td><td rowspan="1">-1651335876667</td></tr><tr class="failedeven"><td><a href="#m133">tearDown</a></td><td rowspan="1">1651335876682</td><td rowspan="1">-1651335876682</td></tr><tr class="failedodd"><td rowspan="2">com.pss.qms.ChangeControlRejection.ActionItemReview</td><td><a href="#m134">setUp</a></td><td rowspan="1">1651335876682</td><td rowspan="1">-1651335876682</td></tr><tr class="failedodd"><td><a href="#m135">tearDown</a></td><td rowspan="1">1651335876682</td><td rowspan="1">-1651335876682</td></tr><tr><th colspan="4">QMSTestSuites suite9 &#8212; failed</th></tr><tr class="failedeven"><td rowspan="1">com.pss.qms.ChangeControlRejection.ActionItemApproveReject</td><td><a href="#m136">toActionItemApproveReject</a></td><td rowspan="1">1651335876682</td><td rowspan="1">0</td></tr><tr class="failedodd"><td rowspan="1">com.pss.qms.ChangeControlRejection.ActionItemReject</td><td><a href="#m137">toActionItemReject</a></td><td rowspan="1">1651335876667</td><td rowspan="1">0</td></tr><tr class="failedeven"><td rowspan="1">com.pss.qms.ChangeControlRejection.ActionItemRejectApprove</td><td><a href="#m138">toActionItemRejectApprove</a></td><td rowspan="1">1651335876667</td><td rowspan="1">0</td></tr><tr class="failedodd"><td rowspan="1">com.pss.qms.ChangeControlRejection.ActionItemReview</td><td><a href="#m139">toActionItemReview</a></td><td rowspan="1">1651335876682</td><td rowspan="1">0</td></tr><tr><th colspan="4">QMSTestSuites suite9 &#8212; skipped</th></tr><tr class="skippedeven"><td rowspan="1">com.pss.qms.ChangeControlRejection.ActionItemApproveReject</td><td><a href="#m140">toActionItemApproveReject</a></td><td rowspan="1">1651335876682</td><td rowspan="1">0</td></tr><tr class="skippedodd"><td rowspan="1">com.pss.qms.ChangeControlRejection.ActionItemReject</td><td><a href="#m141">toActionItemReject</a></td><td rowspan="1">1651335876667</td><td rowspan="1">0</td></tr><tr class="skippedeven"><td rowspan="1">com.pss.qms.ChangeControlRejection.ActionItemRejectApprove</td><td><a href="#m142">toActionItemRejectApprove</a></td><td rowspan="1">1651335876667</td><td rowspan="1">0</td></tr><tr class="skippedodd"><td rowspan="1">com.pss.qms.ChangeControlRejection.ActionItemReview</td><td><a href="#m143">toActionItemReview</a></td><td rowspan="1">1651335876682</td><td rowspan="1">0</td></tr></tbody>
<tbody id="t9"><tr><th colspan="4">QMSTestSuites suite10 &#8212; failed (configuration methods)</th></tr><tr class="failedeven"><td rowspan="2">com.pss.qms.ChangeControlRejection.ActionItemApprove</td><td><a href="#m144">setUp</a></td><td rowspan="1">1651335876729</td><td rowspan="1">-1651335876729</td></tr><tr class="failedeven"><td><a href="#m145">tearDown</a></td><td rowspan="1">1651335876729</td><td rowspan="1">-1651335876729</td></tr><tr class="failedodd"><td rowspan="2">com.pss.qms.ChangeControlRejection.ActionItemPerformAfterRejectAtApprove</td><td><a href="#m146">setUp</a></td><td rowspan="1">1651335876714</td><td rowspan="1">-1651335876714</td></tr><tr class="failedodd"><td><a href="#m147">tearDown</a></td><td rowspan="1">1651335876714</td><td rowspan="1">-1651335876714</td></tr><tr class="failedeven"><td rowspan="2">com.pss.qms.ChangeControlRejection.ActionItemReview</td><td><a href="#m148">setUp</a></td><td rowspan="1">1651335876729</td><td rowspan="1">-1651335876729</td></tr><tr class="failedeven"><td><a href="#m149">tearDown</a></td><td rowspan="1">1651335876729</td><td rowspan="1">-1651335876729</td></tr><tr class="failedodd"><td rowspan="2">com.pss.qms.ChangeControlRejection.ClosureApproveReject</td><td><a href="#m150">setUp</a></td><td rowspan="1">1651335876729</td><td rowspan="1">-1651335876729</td></tr><tr class="failedodd"><td><a href="#m151">tearDown</a></td><td rowspan="1">1651335876729</td><td rowspan="1">-1651335876729</td></tr><tr class="failedeven"><td rowspan="2">com.pss.qms.ChangeControlRejection.ClosureReview</td><td><a href="#m152">setUp</a></td><td rowspan="1">1651335876729</td><td rowspan="1">-1651335876729</td></tr><tr class="failedeven"><td><a href="#m153">tearDown</a></td><td rowspan="1">1651335876729</td><td rowspan="1">-1651335876729</td></tr><tr><th colspan="4">QMSTestSuites suite10 &#8212; failed</th></tr><tr class="failedeven"><td rowspan="1">com.pss.qms.ChangeControlRejection.ActionItemApprove</td><td><a href="#m154">toActionItemApprove</a></td><td rowspan="1">1651335876729</td><td rowspan="1">0</td></tr><tr class="failedodd"><td rowspan="1">com.pss.qms.ChangeControlRejection.ActionItemPerformAfterRejectAtApprove</td><td><a href="#m155">toActionItemPerform</a></td><td rowspan="1">1651335876714</td><td rowspan="1">0</td></tr><tr class="failedeven"><td rowspan="1">com.pss.qms.ChangeControlRejection.ActionItemReview</td><td><a href="#m156">toActionItemReview</a></td><td rowspan="1">1651335876729</td><td rowspan="1">0</td></tr><tr class="failedodd"><td rowspan="1">com.pss.qms.ChangeControlRejection.ClosureApproveReject</td><td><a href="#m157">toClosureApproveReject</a></td><td rowspan="1">1651335876729</td><td rowspan="1">0</td></tr><tr class="failedeven"><td rowspan="1">com.pss.qms.ChangeControlRejection.ClosureReview</td><td><a href="#m158">toCCClosureReview</a></td><td rowspan="1">1651335876729</td><td rowspan="1">0</td></tr><tr><th colspan="4">QMSTestSuites suite10 &#8212; skipped</th></tr><tr class="skippedeven"><td rowspan="1">com.pss.qms.ChangeControlRejection.ActionItemApprove</td><td><a href="#m159">toActionItemApprove</a></td><td rowspan="1">1651335876729</td><td rowspan="1">0</td></tr><tr class="skippedodd"><td rowspan="1">com.pss.qms.ChangeControlRejection.ActionItemPerformAfterRejectAtApprove</td><td><a href="#m160">toActionItemPerform</a></td><td rowspan="1">1651335876714</td><td rowspan="1">0</td></tr><tr class="skippedeven"><td rowspan="1">com.pss.qms.ChangeControlRejection.ActionItemReview</td><td><a href="#m161">toActionItemReview</a></td><td rowspan="1">1651335876729</td><td rowspan="1">0</td></tr><tr class="skippedodd"><td rowspan="1">com.pss.qms.ChangeControlRejection.ClosureApproveReject</td><td><a href="#m162">toClosureApproveReject</a></td><td rowspan="1">1651335876729</td><td rowspan="1">0</td></tr><tr class="skippedeven"><td rowspan="1">com.pss.qms.ChangeControlRejection.ClosureReview</td><td><a href="#m163">toCCClosureReview</a></td><td rowspan="1">1651335876729</td><td rowspan="1">0</td></tr></tbody>
<tbody id="t10"><tr><th colspan="4">QMSTestSuites suite11 &#8212; failed (configuration methods)</th></tr><tr class="failedeven"><td rowspan="2">com.pss.qms.ChangeControlRejection.ClosureApprove</td><td><a href="#m164">setUp</a></td><td rowspan="1">1651335876761</td><td rowspan="1">-1651335876761</td></tr><tr class="failedeven"><td><a href="#m165">tearDown</a></td><td rowspan="1">1651335876761</td><td rowspan="1">-1651335876761</td></tr><tr class="failedodd"><td rowspan="2">com.pss.qms.ChangeControlRejection.ClosureReview</td><td><a href="#m166">setUp</a></td><td rowspan="1">1651335876761</td><td rowspan="1">-1651335876761</td></tr><tr class="failedodd"><td><a href="#m167">tearDown</a></td><td rowspan="1">1651335876761</td><td rowspan="1">-1651335876761</td></tr><tr><th colspan="4">QMSTestSuites suite11 &#8212; failed</th></tr><tr class="failedeven"><td rowspan="1">com.pss.qms.ChangeControlRejection.ClosureApprove</td><td><a href="#m168">toCCClosureApprove</a></td><td rowspan="1">1651335876761</td><td rowspan="1">0</td></tr><tr class="failedodd"><td rowspan="1">com.pss.qms.ChangeControlRejection.ClosureReview</td><td><a href="#m169">toCCClosureReview</a></td><td rowspan="1">1651335876761</td><td rowspan="1">0</td></tr><tr><th colspan="4">QMSTestSuites suite11 &#8212; skipped</th></tr><tr class="skippedeven"><td rowspan="1">com.pss.qms.ChangeControlRejection.ClosureApprove</td><td><a href="#m170">toCCClosureApprove</a></td><td rowspan="1">1651335876761</td><td rowspan="1">0</td></tr><tr class="skippedodd"><td rowspan="1">com.pss.qms.ChangeControlRejection.ClosureReview</td><td><a href="#m171">toCCClosureReview</a></td><td rowspan="1">1651335876761</td><td rowspan="1">0</td></tr></tbody>
</table>
<h2>QMSTestSuites suite1</h2><h3 id="m0">com.pss.qms.ChangeControlRejection.CCInitiation#setUp</h3><table class="result"><tr><th>Exception</th></tr><tr><td><div class="stacktrace">org.openqa.selenium.SessionNotCreatedException: session not created: This version of ChromeDriver only supports Chrome version 98
Current browser version is 100.0.4896.127 with binary path C:\Program Files (x86)\Google\Chrome\Application\chrome.exe
Build info: version: &apos;3.141.59&apos;, revision: &apos;e82be7d358&apos;, time: &apos;2018-11-14T08:17:03&apos;
System info: host: &apos;DESKTOP-SKPPPFG&apos;, ip: &apos;192.168.0.100&apos;, os.name: &apos;Windows 10&apos;, os.arch: &apos;amd64&apos;, os.version: &apos;10.0&apos;, java.version: &apos;1.8.0_221&apos;
Driver info: driver.version: ChromeDriver
remote stacktrace: Backtrace:
	Ordinal0 [0x01337AC3+2587331]
	Ordinal0 [0x012CADD1+2141649]
	Ordinal0 [0x011C3BB8+1063864]
	Ordinal0 [0x011E3638+1193528]
	Ordinal0 [0x011DF4B5+1176757]
	Ordinal0 [0x011DCC51+1166417]
	Ordinal0 [0x0120D12F+1364271]
	Ordinal0 [0x0120CD5A+1363290]
	Ordinal0 [0x012084A6+1344678]
	Ordinal0 [0x011E53F6+1201142]
	Ordinal0 [0x011E62E6+1204966]
	GetHandleVerifier [0x014DDF22+1680738]
	GetHandleVerifier [0x01590DBC+2413564]
	GetHandleVerifier [0x013CD151+563089]
	GetHandleVerifier [0x013CBF13+558419]
	Ordinal0 [0x012D081E+2164766]
	Ordinal0 [0x012D5508+2184456]
	Ordinal0 [0x012D5650+2184784]
	Ordinal0 [0x012DF5BC+2225596]
	BaseThreadInitThunk [0x777662C4+36]
	RtlSubscribeWnfStateChangeNotification [0x779E0FD9+1081]
	RtlSubscribeWnfStateChangeNotification [0x779E0FA4+1028]

	at org.openqa.selenium.remote.W3CHandshakeResponse.lambda$errorHandler$0(W3CHandshakeResponse.java:62)
	at org.openqa.selenium.remote.HandshakeResponse.lambda$getResponseFunction$0(HandshakeResponse.java:30)
	at org.openqa.selenium.remote.ProtocolHandshake.lambda$createSession$0(ProtocolHandshake.java:126)
	at java.util.stream.ReferencePipeline$3$1.accept(ReferencePipeline.java:193)
	at java.util.Spliterators$ArraySpliterator.tryAdvance(Spliterators.java:958)
	at java.util.stream.ReferencePipeline.forEachWithCancel(ReferencePipeline.java:126)
	at java.util.stream.AbstractPipeline.copyIntoWithCancel(AbstractPipeline.java:499)
	at java.util.stream.AbstractPipeline.copyInto(AbstractPipeline.java:486)
	at java.util.stream.AbstractPipeline.wrapAndCopyInto(AbstractPipeline.java:472)
	at java.util.stream.FindOps$FindOp.evaluateSequential(FindOps.java:152)
	at java.util.stream.AbstractPipeline.evaluate(AbstractPipeline.java:234)
	at java.util.stream.ReferencePipeline.findFirst(ReferencePipeline.java:464)
	at org.openqa.selenium.remote.ProtocolHandshake.createSession(ProtocolHandshake.java:128)
	at org.openqa.selenium.remote.ProtocolHandshake.createSession(ProtocolHandshake.java:74)
	at org.openqa.selenium.remote.HttpCommandExecutor.execute(HttpCommandExecutor.java:136)
	at org.openqa.selenium.remote.service.DriverCommandExecutor.execute(DriverCommandExecutor.java:83)
	at org.openqa.selenium.remote.RemoteWebDriver.execute(RemoteWebDriver.java:552)
	at org.openqa.selenium.remote.RemoteWebDriver.startSession(RemoteWebDriver.java:213)
	at org.openqa.selenium.remote.RemoteWebDriver.&lt;init&gt;(RemoteWebDriver.java:131)
	at org.openqa.selenium.chrome.ChromeDriver.&lt;init&gt;(ChromeDriver.java:181)
	at org.openqa.selenium.chrome.ChromeDriver.&lt;init&gt;(ChromeDriver.java:168)
	at org.openqa.selenium.chrome.ChromeDriver.&lt;init&gt;(ChromeDriver.java:123)
	at com.pss.qms.login.CCLoginDetails.setUp(CCLoginDetails.java:162)
	at java.util.ArrayList.forEach(ArrayList.java:1257)
... Removed 33 stack frames</div></td></tr></table><p class="totop"><a href="#summary">back to summary</a></p>
<h3 id="m1">com.pss.qms.ChangeControlRejection.CCInitiation#tearDown</h3><table class="result"><tr><th>Exception</th></tr><tr><td><div class="stacktrace">java.lang.RuntimeException: Test skipped due to a detected failure in the overall suite.
	at com.pss.qms.Listners.SuiteFailingInvokedMethodListener.beforeInvocation(SuiteFailingInvokedMethodListener.java:17)
	at java.util.ArrayList.forEach(ArrayList.java:1257)
... Removed 25 stack frames</div></td></tr></table><p class="totop"><a href="#summary">back to summary</a></p>
<h3 id="m2">com.pss.qms.ChangeControlRejection.DeptReviewerApprove#setUp</h3><table class="result"><tr><th>Exception</th></tr><tr><td><div class="stacktrace">java.lang.RuntimeException: Test skipped due to a detected failure in the overall suite.
	at com.pss.qms.Listners.SuiteFailingInvokedMethodListener.beforeInvocation(SuiteFailingInvokedMethodListener.java:17)
	at java.util.ArrayList.forEach(ArrayList.java:1257)
... Removed 26 stack frames</div></td></tr></table><p class="totop"><a href="#summary">back to summary</a></p>
<h3 id="m3">com.pss.qms.ChangeControlRejection.DeptReviewerApprove#tearDown</h3><table class="result"><tr><th>Exception</th></tr><tr><td><div class="stacktrace">java.lang.RuntimeException: Test skipped due to a detected failure in the overall suite.
	at com.pss.qms.Listners.SuiteFailingInvokedMethodListener.beforeInvocation(SuiteFailingInvokedMethodListener.java:17)
	at java.util.ArrayList.forEach(ArrayList.java:1257)
... Removed 25 stack frames</div></td></tr></table><p class="totop"><a href="#summary">back to summary</a></p>
<h3 id="m4">com.pss.qms.ChangeControlRejection.DeptReviewerReject#setUp</h3><table class="result"><tr><th>Exception</th></tr><tr><td><div class="stacktrace">java.lang.RuntimeException: Test skipped due to a detected failure in the overall suite.
	at com.pss.qms.Listners.SuiteFailingInvokedMethodListener.beforeInvocation(SuiteFailingInvokedMethodListener.java:17)
	at java.util.ArrayList.forEach(ArrayList.java:1257)
... Removed 26 stack frames</div></td></tr></table><p class="totop"><a href="#summary">back to summary</a></p>
<h3 id="m5">com.pss.qms.ChangeControlRejection.DeptReviewerReject#tearDown</h3><table class="result"><tr><th>Exception</th></tr><tr><td><div class="stacktrace">java.lang.RuntimeException: Test skipped due to a detected failure in the overall suite.
	at com.pss.qms.Listners.SuiteFailingInvokedMethodListener.beforeInvocation(SuiteFailingInvokedMethodListener.java:17)
	at java.util.ArrayList.forEach(ArrayList.java:1257)
... Removed 25 stack frames</div></td></tr></table><p class="totop"><a href="#summary">back to summary</a></p>
<h3 id="m6">com.pss.qms.ChangeControlRejection.QAReviewReject#setUp</h3><table class="result"><tr><th>Exception</th></tr><tr><td><div class="stacktrace">java.lang.RuntimeException: Test skipped due to a detected failure in the overall suite.
	at com.pss.qms.Listners.SuiteFailingInvokedMethodListener.beforeInvocation(SuiteFailingInvokedMethodListener.java:17)
	at java.util.ArrayList.forEach(ArrayList.java:1257)
... Removed 26 stack frames</div></td></tr></table><p class="totop"><a href="#summary">back to summary</a></p>
<h3 id="m7">com.pss.qms.ChangeControlRejection.QAReviewReject#tearDown</h3><table class="result"><tr><th>Exception</th></tr><tr><td><div class="stacktrace">java.lang.RuntimeException: Test skipped due to a detected failure in the overall suite.
	at com.pss.qms.Listners.SuiteFailingInvokedMethodListener.beforeInvocation(SuiteFailingInvokedMethodListener.java:17)
	at java.util.ArrayList.forEach(ArrayList.java:1257)
... Removed 25 stack frames</div></td></tr></table><p class="totop"><a href="#summary">back to summary</a></p>
<h3 id="m8">com.pss.qms.ChangeControlRejection.ReInitiateDocument#setUp</h3><table class="result"><tr><th>Exception</th></tr><tr><td><div class="stacktrace">java.lang.RuntimeException: Test skipped due to a detected failure in the overall suite.
	at com.pss.qms.Listners.SuiteFailingInvokedMethodListener.beforeInvocation(SuiteFailingInvokedMethodListener.java:17)
	at java.util.ArrayList.forEach(ArrayList.java:1257)
... Removed 26 stack frames</div></td></tr></table><p class="totop"><a href="#summary">back to summary</a></p>
<h3 id="m9">com.pss.qms.ChangeControlRejection.ReInitiateDocument#tearDown</h3><table class="result"><tr><th>Exception</th></tr><tr><td><div class="stacktrace">java.lang.RuntimeException: Test skipped due to a detected failure in the overall suite.
	at com.pss.qms.Listners.SuiteFailingInvokedMethodListener.beforeInvocation(SuiteFailingInvokedMethodListener.java:17)
	at java.util.ArrayList.forEach(ArrayList.java:1257)
... Removed 25 stack frames</div></td></tr></table><p class="totop"><a href="#summary">back to summary</a></p>
<h3 id="m10">com.pss.qms.ChangeControlRejection.CCInitiation#toCCInitiation</h3><table class="result"><tr><th>Exception</th></tr><tr><td><div class="stacktrace">java.lang.RuntimeException: Test skipped due to a detected failure in the overall suite.
	at com.pss.qms.Listners.SuiteFailingInvokedMethodListener.beforeInvocation(SuiteFailingInvokedMethodListener.java:17)
	at java.util.ArrayList.forEach(ArrayList.java:1257)
... Removed 30 stack frames</div></td></tr></table><p class="totop"><a href="#summary">back to summary</a></p>
<h3 id="m11">com.pss.qms.ChangeControlRejection.DeptReviewerApprove#toDeptReviewerApprove</h3><table class="result"><tr><th>Exception</th></tr><tr><td><div class="stacktrace">java.lang.RuntimeException: Test skipped due to a detected failure in the overall suite.
	at com.pss.qms.Listners.SuiteFailingInvokedMethodListener.beforeInvocation(SuiteFailingInvokedMethodListener.java:17)
	at java.util.ArrayList.forEach(ArrayList.java:1257)
... Removed 30 stack frames</div></td></tr></table><p class="totop"><a href="#summary">back to summary</a></p>
<h3 id="m12">com.pss.qms.ChangeControlRejection.DeptReviewerReject#toDeptReviewerReject</h3><table class="result"><tr><th>Exception</th></tr><tr><td><div class="stacktrace">java.lang.RuntimeException: Test skipped due to a detected failure in the overall suite.
	at com.pss.qms.Listners.SuiteFailingInvokedMethodListener.beforeInvocation(SuiteFailingInvokedMethodListener.java:17)
	at java.util.ArrayList.forEach(ArrayList.java:1257)
... Removed 30 stack frames</div></td></tr></table><p class="totop"><a href="#summary">back to summary</a></p>
<h3 id="m13">com.pss.qms.ChangeControlRejection.QAReviewReject#toQAReviewReject</h3><table class="result"><tr><th>Exception</th></tr><tr><td><div class="stacktrace">java.lang.RuntimeException: Test skipped due to a detected failure in the overall suite.
	at com.pss.qms.Listners.SuiteFailingInvokedMethodListener.beforeInvocation(SuiteFailingInvokedMethodListener.java:17)
	at java.util.ArrayList.forEach(ArrayList.java:1257)
... Removed 30 stack frames</div></td></tr></table><p class="totop"><a href="#summary">back to summary</a></p>
<h3 id="m14">com.pss.qms.ChangeControlRejection.ReInitiateDocument#toReInitiateDocument</h3><table class="result"><tr><th>Exception</th></tr><tr><td><div class="stacktrace">java.lang.RuntimeException: Test skipped due to a detected failure in the overall suite.
	at com.pss.qms.Listners.SuiteFailingInvokedMethodListener.beforeInvocation(SuiteFailingInvokedMethodListener.java:17)
	at java.util.ArrayList.forEach(ArrayList.java:1257)
... Removed 30 stack frames</div></td></tr></table><p class="totop"><a href="#summary">back to summary</a></p>
<h3 id="m15">com.pss.qms.ChangeControlRejection.CCInitiation#toCCInitiation</h3><table class="result"><tr><th>Exception</th></tr><tr><td><div class="stacktrace">org.openqa.selenium.SessionNotCreatedException: session not created: This version of ChromeDriver only supports Chrome version 98
Current browser version is 100.0.4896.127 with binary path C:\Program Files (x86)\Google\Chrome\Application\chrome.exe
Build info: version: &apos;3.141.59&apos;, revision: &apos;e82be7d358&apos;, time: &apos;2018-11-14T08:17:03&apos;
System info: host: &apos;DESKTOP-SKPPPFG&apos;, ip: &apos;192.168.0.100&apos;, os.name: &apos;Windows 10&apos;, os.arch: &apos;amd64&apos;, os.version: &apos;10.0&apos;, java.version: &apos;1.8.0_221&apos;
Driver info: driver.version: ChromeDriver
remote stacktrace: Backtrace:
	Ordinal0 [0x01337AC3+2587331]
	Ordinal0 [0x012CADD1+2141649]
	Ordinal0 [0x011C3BB8+1063864]
	Ordinal0 [0x011E3638+1193528]
	Ordinal0 [0x011DF4B5+1176757]
	Ordinal0 [0x011DCC51+1166417]
	Ordinal0 [0x0120D12F+1364271]
	Ordinal0 [0x0120CD5A+1363290]
	Ordinal0 [0x012084A6+1344678]
	Ordinal0 [0x011E53F6+1201142]
	Ordinal0 [0x011E62E6+1204966]
	GetHandleVerifier [0x014DDF22+1680738]
	GetHandleVerifier [0x01590DBC+2413564]
	GetHandleVerifier [0x013CD151+563089]
	GetHandleVerifier [0x013CBF13+558419]
	Ordinal0 [0x012D081E+2164766]
	Ordinal0 [0x012D5508+2184456]
	Ordinal0 [0x012D5650+2184784]
	Ordinal0 [0x012DF5BC+2225596]
	BaseThreadInitThunk [0x777662C4+36]
	RtlSubscribeWnfStateChangeNotification [0x779E0FD9+1081]
	RtlSubscribeWnfStateChangeNotification [0x779E0FA4+1028]

	at org.openqa.selenium.remote.W3CHandshakeResponse.lambda$errorHandler$0(W3CHandshakeResponse.java:62)
	at org.openqa.selenium.remote.HandshakeResponse.lambda$getResponseFunction$0(HandshakeResponse.java:30)
	at org.openqa.selenium.remote.ProtocolHandshake.lambda$createSession$0(ProtocolHandshake.java:126)
	at java.util.stream.ReferencePipeline$3$1.accept(ReferencePipeline.java:193)
	at java.util.Spliterators$ArraySpliterator.tryAdvance(Spliterators.java:958)
	at java.util.stream.ReferencePipeline.forEachWithCancel(ReferencePipeline.java:126)
	at java.util.stream.AbstractPipeline.copyIntoWithCancel(AbstractPipeline.java:499)
	at java.util.stream.AbstractPipeline.copyInto(AbstractPipeline.java:486)
	at java.util.stream.AbstractPipeline.wrapAndCopyInto(AbstractPipeline.java:472)
	at java.util.stream.FindOps$FindOp.evaluateSequential(FindOps.java:152)
	at java.util.stream.AbstractPipeline.evaluate(AbstractPipeline.java:234)
	at java.util.stream.ReferencePipeline.findFirst(ReferencePipeline.java:464)
	at org.openqa.selenium.remote.ProtocolHandshake.createSession(ProtocolHandshake.java:128)
	at org.openqa.selenium.remote.ProtocolHandshake.createSession(ProtocolHandshake.java:74)
	at org.openqa.selenium.remote.HttpCommandExecutor.execute(HttpCommandExecutor.java:136)
	at org.openqa.selenium.remote.service.DriverCommandExecutor.execute(DriverCommandExecutor.java:83)
	at org.openqa.selenium.remote.RemoteWebDriver.execute(RemoteWebDriver.java:552)
	at org.openqa.selenium.remote.RemoteWebDriver.startSession(RemoteWebDriver.java:213)
	at org.openqa.selenium.remote.RemoteWebDriver.&lt;init&gt;(RemoteWebDriver.java:131)
	at org.openqa.selenium.chrome.ChromeDriver.&lt;init&gt;(ChromeDriver.java:181)
	at org.openqa.selenium.chrome.ChromeDriver.&lt;init&gt;(ChromeDriver.java:168)
	at org.openqa.selenium.chrome.ChromeDriver.&lt;init&gt;(ChromeDriver.java:123)
	at com.pss.qms.login.CCLoginDetails.setUp(CCLoginDetails.java:162)
	at java.util.ArrayList.forEach(ArrayList.java:1257)
... Removed 33 stack frames</div></td></tr></table><p class="totop"><a href="#summary">back to summary</a></p>
<h3 id="m16">com.pss.qms.ChangeControlRejection.DeptReviewerApprove#toDeptReviewerApprove</h3><table class="result"><tr><th>Exception</th></tr><tr><td><div class="stacktrace">java.lang.RuntimeException: Test skipped due to a detected failure in the overall suite.
	at com.pss.qms.Listners.SuiteFailingInvokedMethodListener.beforeInvocation(SuiteFailingInvokedMethodListener.java:17)
	at java.util.ArrayList.forEach(ArrayList.java:1257)
... Removed 26 stack frames</div></td></tr></table><p class="totop"><a href="#summary">back to summary</a></p>
<h3 id="m17">com.pss.qms.ChangeControlRejection.DeptReviewerReject#toDeptReviewerReject</h3><table class="result"><tr><th>Exception</th></tr><tr><td><div class="stacktrace">java.lang.RuntimeException: Test skipped due to a detected failure in the overall suite.
	at com.pss.qms.Listners.SuiteFailingInvokedMethodListener.beforeInvocation(SuiteFailingInvokedMethodListener.java:17)
	at java.util.ArrayList.forEach(ArrayList.java:1257)
... Removed 26 stack frames</div></td></tr></table><p class="totop"><a href="#summary">back to summary</a></p>
<h3 id="m18">com.pss.qms.ChangeControlRejection.QAReviewReject#toQAReviewReject</h3><table class="result"><tr><th>Exception</th></tr><tr><td><div class="stacktrace">java.lang.RuntimeException: Test skipped due to a detected failure in the overall suite.
	at com.pss.qms.Listners.SuiteFailingInvokedMethodListener.beforeInvocation(SuiteFailingInvokedMethodListener.java:17)
	at java.util.ArrayList.forEach(ArrayList.java:1257)
... Removed 26 stack frames</div></td></tr></table><p class="totop"><a href="#summary">back to summary</a></p>
<h3 id="m19">com.pss.qms.ChangeControlRejection.ReInitiateDocument#toReInitiateDocument</h3><table class="result"><tr><th>Exception</th></tr><tr><td><div class="stacktrace">java.lang.RuntimeException: Test skipped due to a detected failure in the overall suite.
	at com.pss.qms.Listners.SuiteFailingInvokedMethodListener.beforeInvocation(SuiteFailingInvokedMethodListener.java:17)
	at java.util.ArrayList.forEach(ArrayList.java:1257)
... Removed 26 stack frames</div></td></tr></table><p class="totop"><a href="#summary">back to summary</a></p>
<h2>QMSTestSuites suite2</h2><h3 id="m20">com.pss.qms.ChangeControlRejection.CFTReviewReject#setUp</h3><table class="result"><tr><th>Exception</th></tr><tr><td><div class="stacktrace">java.lang.RuntimeException: Test skipped due to a detected failure in the overall suite.
	at com.pss.qms.Listners.SuiteFailingInvokedMethodListener.beforeInvocation(SuiteFailingInvokedMethodListener.java:17)
	at java.util.ArrayList.forEach(ArrayList.java:1257)
... Removed 26 stack frames</div></td></tr></table><p class="totop"><a href="#summary">back to summary</a></p>
<h3 id="m21">com.pss.qms.ChangeControlRejection.CFTReviewReject#tearDown</h3><table class="result"><tr><th>Exception</th></tr><tr><td><div class="stacktrace">java.lang.RuntimeException: Test skipped due to a detected failure in the overall suite.
	at com.pss.qms.Listners.SuiteFailingInvokedMethodListener.beforeInvocation(SuiteFailingInvokedMethodListener.java:17)
	at java.util.ArrayList.forEach(ArrayList.java:1257)
... Removed 25 stack frames</div></td></tr></table><p class="totop"><a href="#summary">back to summary</a></p>
<h3 id="m22">com.pss.qms.ChangeControlRejection.DeptReReview#setUp</h3><table class="result"><tr><th>Exception</th></tr><tr><td><div class="stacktrace">java.lang.RuntimeException: Test skipped due to a detected failure in the overall suite.
	at com.pss.qms.Listners.SuiteFailingInvokedMethodListener.beforeInvocation(SuiteFailingInvokedMethodListener.java:17)
	at java.util.ArrayList.forEach(ArrayList.java:1257)
... Removed 26 stack frames</div></td></tr></table><p class="totop"><a href="#summary">back to summary</a></p>
<h3 id="m23">com.pss.qms.ChangeControlRejection.DeptReReview#tearDown</h3><table class="result"><tr><th>Exception</th></tr><tr><td><div class="stacktrace">java.lang.RuntimeException: Test skipped due to a detected failure in the overall suite.
	at com.pss.qms.Listners.SuiteFailingInvokedMethodListener.beforeInvocation(SuiteFailingInvokedMethodListener.java:17)
	at java.util.ArrayList.forEach(ArrayList.java:1257)
... Removed 25 stack frames</div></td></tr></table><p class="totop"><a href="#summary">back to summary</a></p>
<h3 id="m24">com.pss.qms.ChangeControlRejection.QAReviewApproveAfterReject#setUp</h3><table class="result"><tr><th>Exception</th></tr><tr><td><div class="stacktrace">java.lang.RuntimeException: Test skipped due to a detected failure in the overall suite.
	at com.pss.qms.Listners.SuiteFailingInvokedMethodListener.beforeInvocation(SuiteFailingInvokedMethodListener.java:17)
	at java.util.ArrayList.forEach(ArrayList.java:1257)
... Removed 26 stack frames</div></td></tr></table><p class="totop"><a href="#summary">back to summary</a></p>
<h3 id="m25">com.pss.qms.ChangeControlRejection.QAReviewApproveAfterReject#tearDown</h3><table class="result"><tr><th>Exception</th></tr><tr><td><div class="stacktrace">java.lang.RuntimeException: Test skipped due to a detected failure in the overall suite.
	at com.pss.qms.Listners.SuiteFailingInvokedMethodListener.beforeInvocation(SuiteFailingInvokedMethodListener.java:17)
	at java.util.ArrayList.forEach(ArrayList.java:1257)
... Removed 25 stack frames</div></td></tr></table><p class="totop"><a href="#summary">back to summary</a></p>
<h3 id="m26">com.pss.qms.ChangeControlRejection.QAReviewerAfterCFTReject#setUp</h3><table class="result"><tr><th>Exception</th></tr><tr><td><div class="stacktrace">java.lang.RuntimeException: Test skipped due to a detected failure in the overall suite.
	at com.pss.qms.Listners.SuiteFailingInvokedMethodListener.beforeInvocation(SuiteFailingInvokedMethodListener.java:17)
	at java.util.ArrayList.forEach(ArrayList.java:1257)
... Removed 26 stack frames</div></td></tr></table><p class="totop"><a href="#summary">back to summary</a></p>
<h3 id="m27">com.pss.qms.ChangeControlRejection.QAReviewerAfterCFTReject#tearDown</h3><table class="result"><tr><th>Exception</th></tr><tr><td><div class="stacktrace">java.lang.RuntimeException: Test skipped due to a detected failure in the overall suite.
	at com.pss.qms.Listners.SuiteFailingInvokedMethodListener.beforeInvocation(SuiteFailingInvokedMethodListener.java:17)
	at java.util.ArrayList.forEach(ArrayList.java:1257)
... Removed 25 stack frames</div></td></tr></table><p class="totop"><a href="#summary">back to summary</a></p>
<h3 id="m28">com.pss.qms.ChangeControlRejection.ReInitiateDocument#setUp</h3><table class="result"><tr><th>Exception</th></tr><tr><td><div class="stacktrace">java.lang.RuntimeException: Test skipped due to a detected failure in the overall suite.
	at com.pss.qms.Listners.SuiteFailingInvokedMethodListener.beforeInvocation(SuiteFailingInvokedMethodListener.java:17)
	at java.util.ArrayList.forEach(ArrayList.java:1257)
... Removed 26 stack frames</div></td></tr></table><p class="totop"><a href="#summary">back to summary</a></p>
<h3 id="m29">com.pss.qms.ChangeControlRejection.ReInitiateDocument#tearDown</h3><table class="result"><tr><th>Exception</th></tr><tr><td><div class="stacktrace">java.lang.RuntimeException: Test skipped due to a detected failure in the overall suite.
	at com.pss.qms.Listners.SuiteFailingInvokedMethodListener.beforeInvocation(SuiteFailingInvokedMethodListener.java:17)
	at java.util.ArrayList.forEach(ArrayList.java:1257)
... Removed 25 stack frames</div></td></tr></table><p class="totop"><a href="#summary">back to summary</a></p>
<h3 id="m30">com.pss.qms.ChangeControlRejection.CFTReviewReject#toCFTReviewReject</h3><table class="result"><tr><th>Exception</th></tr><tr><td><div class="stacktrace">java.lang.RuntimeException: Test skipped due to a detected failure in the overall suite.
	at com.pss.qms.Listners.SuiteFailingInvokedMethodListener.beforeInvocation(SuiteFailingInvokedMethodListener.java:17)
	at java.util.ArrayList.forEach(ArrayList.java:1257)
... Removed 30 stack frames</div></td></tr></table><p class="totop"><a href="#summary">back to summary</a></p>
<h3 id="m31">com.pss.qms.ChangeControlRejection.DeptReReview#toDeptReReview</h3><table class="result"><tr><th>Exception</th></tr><tr><td><div class="stacktrace">java.lang.RuntimeException: Test skipped due to a detected failure in the overall suite.
	at com.pss.qms.Listners.SuiteFailingInvokedMethodListener.beforeInvocation(SuiteFailingInvokedMethodListener.java:17)
	at java.util.ArrayList.forEach(ArrayList.java:1257)
... Removed 30 stack frames</div></td></tr></table><p class="totop"><a href="#summary">back to summary</a></p>
<h3 id="m32">com.pss.qms.ChangeControlRejection.QAReviewApproveAfterReject#toQAReviewerCC</h3><table class="result"><tr><th>Exception</th></tr><tr><td><div class="stacktrace">java.lang.RuntimeException: Test skipped due to a detected failure in the overall suite.
	at com.pss.qms.Listners.SuiteFailingInvokedMethodListener.beforeInvocation(SuiteFailingInvokedMethodListener.java:17)
	at java.util.ArrayList.forEach(ArrayList.java:1257)
... Removed 30 stack frames</div></td></tr></table><p class="totop"><a href="#summary">back to summary</a></p>
<h3 id="m33">com.pss.qms.ChangeControlRejection.QAReviewerAfterCFTReject#toQAReviewerAfterCFTReject</h3><table class="result"><tr><th>Exception</th></tr><tr><td><div class="stacktrace">java.lang.RuntimeException: Test skipped due to a detected failure in the overall suite.
	at com.pss.qms.Listners.SuiteFailingInvokedMethodListener.beforeInvocation(SuiteFailingInvokedMethodListener.java:17)
	at java.util.ArrayList.forEach(ArrayList.java:1257)
... Removed 30 stack frames</div></td></tr></table><p class="totop"><a href="#summary">back to summary</a></p>
<h3 id="m34">com.pss.qms.ChangeControlRejection.ReInitiateDocument#toReInitiateDocument</h3><table class="result"><tr><th>Exception</th></tr><tr><td><div class="stacktrace">java.lang.RuntimeException: Test skipped due to a detected failure in the overall suite.
	at com.pss.qms.Listners.SuiteFailingInvokedMethodListener.beforeInvocation(SuiteFailingInvokedMethodListener.java:17)
	at java.util.ArrayList.forEach(ArrayList.java:1257)
... Removed 30 stack frames</div></td></tr></table><p class="totop"><a href="#summary">back to summary</a></p>
<h3 id="m35">com.pss.qms.ChangeControlRejection.CFTReviewReject#toCFTReviewReject</h3><table class="result"><tr><th>Exception</th></tr><tr><td><div class="stacktrace">java.lang.RuntimeException: Test skipped due to a detected failure in the overall suite.
	at com.pss.qms.Listners.SuiteFailingInvokedMethodListener.beforeInvocation(SuiteFailingInvokedMethodListener.java:17)
	at java.util.ArrayList.forEach(ArrayList.java:1257)
... Removed 26 stack frames</div></td></tr></table><p class="totop"><a href="#summary">back to summary</a></p>
<h3 id="m36">com.pss.qms.ChangeControlRejection.DeptReReview#toDeptReReview</h3><table class="result"><tr><th>Exception</th></tr><tr><td><div class="stacktrace">java.lang.RuntimeException: Test skipped due to a detected failure in the overall suite.
	at com.pss.qms.Listners.SuiteFailingInvokedMethodListener.beforeInvocation(SuiteFailingInvokedMethodListener.java:17)
	at java.util.ArrayList.forEach(ArrayList.java:1257)
... Removed 26 stack frames</div></td></tr></table><p class="totop"><a href="#summary">back to summary</a></p>
<h3 id="m37">com.pss.qms.ChangeControlRejection.QAReviewApproveAfterReject#toQAReviewerCC</h3><table class="result"><tr><th>Exception</th></tr><tr><td><div class="stacktrace">java.lang.RuntimeException: Test skipped due to a detected failure in the overall suite.
	at com.pss.qms.Listners.SuiteFailingInvokedMethodListener.beforeInvocation(SuiteFailingInvokedMethodListener.java:17)
	at java.util.ArrayList.forEach(ArrayList.java:1257)
... Removed 26 stack frames</div></td></tr></table><p class="totop"><a href="#summary">back to summary</a></p>
<h3 id="m38">com.pss.qms.ChangeControlRejection.QAReviewerAfterCFTReject#toQAReviewerAfterCFTReject</h3><table class="result"><tr><th>Exception</th></tr><tr><td><div class="stacktrace">java.lang.RuntimeException: Test skipped due to a detected failure in the overall suite.
	at com.pss.qms.Listners.SuiteFailingInvokedMethodListener.beforeInvocation(SuiteFailingInvokedMethodListener.java:17)
	at java.util.ArrayList.forEach(ArrayList.java:1257)
... Removed 26 stack frames</div></td></tr></table><p class="totop"><a href="#summary">back to summary</a></p>
<h3 id="m39">com.pss.qms.ChangeControlRejection.ReInitiateDocument#toReInitiateDocument</h3><table class="result"><tr><th>Exception</th></tr><tr><td><div class="stacktrace">java.lang.RuntimeException: Test skipped due to a detected failure in the overall suite.
	at com.pss.qms.Listners.SuiteFailingInvokedMethodListener.beforeInvocation(SuiteFailingInvokedMethodListener.java:17)
	at java.util.ArrayList.forEach(ArrayList.java:1257)
... Removed 26 stack frames</div></td></tr></table><p class="totop"><a href="#summary">back to summary</a></p>
<h2>QMSTestSuites suite3</h2><h3 id="m40">com.pss.qms.ChangeControlRejection.CFTReviewApprove#setUp</h3><table class="result"><tr><th>Exception</th></tr><tr><td><div class="stacktrace">java.lang.RuntimeException: Test skipped due to a detected failure in the overall suite.
	at com.pss.qms.Listners.SuiteFailingInvokedMethodListener.beforeInvocation(SuiteFailingInvokedMethodListener.java:17)
	at java.util.ArrayList.forEach(ArrayList.java:1257)
... Removed 26 stack frames</div></td></tr></table><p class="totop"><a href="#summary">back to summary</a></p>
<h3 id="m41">com.pss.qms.ChangeControlRejection.CFTReviewApprove#tearDown</h3><table class="result"><tr><th>Exception</th></tr><tr><td><div class="stacktrace">java.lang.RuntimeException: Test skipped due to a detected failure in the overall suite.
	at com.pss.qms.Listners.SuiteFailingInvokedMethodListener.beforeInvocation(SuiteFailingInvokedMethodListener.java:17)
	at java.util.ArrayList.forEach(ArrayList.java:1257)
... Removed 25 stack frames</div></td></tr></table><p class="totop"><a href="#summary">back to summary</a></p>
<h3 id="m42">com.pss.qms.ChangeControlRejection.QAReviewerAfterCFTReject#setUp</h3><table class="result"><tr><th>Exception</th></tr><tr><td><div class="stacktrace">java.lang.RuntimeException: Test skipped due to a detected failure in the overall suite.
	at com.pss.qms.Listners.SuiteFailingInvokedMethodListener.beforeInvocation(SuiteFailingInvokedMethodListener.java:17)
	at java.util.ArrayList.forEach(ArrayList.java:1257)
... Removed 26 stack frames</div></td></tr></table><p class="totop"><a href="#summary">back to summary</a></p>
<h3 id="m43">com.pss.qms.ChangeControlRejection.QAReviewerAfterCFTReject#tearDown</h3><table class="result"><tr><th>Exception</th></tr><tr><td><div class="stacktrace">java.lang.RuntimeException: Test skipped due to a detected failure in the overall suite.
	at com.pss.qms.Listners.SuiteFailingInvokedMethodListener.beforeInvocation(SuiteFailingInvokedMethodListener.java:17)
	at java.util.ArrayList.forEach(ArrayList.java:1257)
... Removed 25 stack frames</div></td></tr></table><p class="totop"><a href="#summary">back to summary</a></p>
<h3 id="m44">com.pss.qms.ChangeControlRejection.RegReviewerReject#setUp</h3><table class="result"><tr><th>Exception</th></tr><tr><td><div class="stacktrace">java.lang.RuntimeException: Test skipped due to a detected failure in the overall suite.
	at com.pss.qms.Listners.SuiteFailingInvokedMethodListener.beforeInvocation(SuiteFailingInvokedMethodListener.java:17)
	at java.util.ArrayList.forEach(ArrayList.java:1257)
... Removed 26 stack frames</div></td></tr></table><p class="totop"><a href="#summary">back to summary</a></p>
<h3 id="m45">com.pss.qms.ChangeControlRejection.RegReviewerReject#tearDown</h3><table class="result"><tr><th>Exception</th></tr><tr><td><div class="stacktrace">java.lang.RuntimeException: Test skipped due to a detected failure in the overall suite.
	at com.pss.qms.Listners.SuiteFailingInvokedMethodListener.beforeInvocation(SuiteFailingInvokedMethodListener.java:17)
	at java.util.ArrayList.forEach(ArrayList.java:1257)
... Removed 25 stack frames</div></td></tr></table><p class="totop"><a href="#summary">back to summary</a></p>
<h3 id="m46">com.pss.qms.ChangeControlRejection.CFTReviewApprove#toCFTReviewApprove</h3><table class="result"><tr><th>Exception</th></tr><tr><td><div class="stacktrace">java.lang.RuntimeException: Test skipped due to a detected failure in the overall suite.
	at com.pss.qms.Listners.SuiteFailingInvokedMethodListener.beforeInvocation(SuiteFailingInvokedMethodListener.java:17)
	at java.util.ArrayList.forEach(ArrayList.java:1257)
... Removed 30 stack frames</div></td></tr></table><p class="totop"><a href="#summary">back to summary</a></p>
<h3 id="m47">com.pss.qms.ChangeControlRejection.QAReviewerAfterCFTReject#toQAReviewerAfterCFTReject</h3><table class="result"><tr><th>Exception</th></tr><tr><td><div class="stacktrace">java.lang.RuntimeException: Test skipped due to a detected failure in the overall suite.
	at com.pss.qms.Listners.SuiteFailingInvokedMethodListener.beforeInvocation(SuiteFailingInvokedMethodListener.java:17)
	at java.util.ArrayList.forEach(ArrayList.java:1257)
... Removed 30 stack frames</div></td></tr></table><p class="totop"><a href="#summary">back to summary</a></p>
<h3 id="m48">com.pss.qms.ChangeControlRejection.RegReviewerReject#toRegReviewerReject</h3><table class="result"><tr><th>Exception</th></tr><tr><td><div class="stacktrace">java.lang.RuntimeException: Test skipped due to a detected failure in the overall suite.
	at com.pss.qms.Listners.SuiteFailingInvokedMethodListener.beforeInvocation(SuiteFailingInvokedMethodListener.java:17)
	at java.util.ArrayList.forEach(ArrayList.java:1257)
... Removed 30 stack frames</div></td></tr></table><p class="totop"><a href="#summary">back to summary</a></p>
<h3 id="m49">com.pss.qms.ChangeControlRejection.CFTReviewApprove#toCFTReviewApprove</h3><table class="result"><tr><th>Exception</th></tr><tr><td><div class="stacktrace">java.lang.RuntimeException: Test skipped due to a detected failure in the overall suite.
	at com.pss.qms.Listners.SuiteFailingInvokedMethodListener.beforeInvocation(SuiteFailingInvokedMethodListener.java:17)
	at java.util.ArrayList.forEach(ArrayList.java:1257)
... Removed 26 stack frames</div></td></tr></table><p class="totop"><a href="#summary">back to summary</a></p>
<h3 id="m50">com.pss.qms.ChangeControlRejection.QAReviewerAfterCFTReject#toQAReviewerAfterCFTReject</h3><table class="result"><tr><th>Exception</th></tr><tr><td><div class="stacktrace">java.lang.RuntimeException: Test skipped due to a detected failure in the overall suite.
	at com.pss.qms.Listners.SuiteFailingInvokedMethodListener.beforeInvocation(SuiteFailingInvokedMethodListener.java:17)
	at java.util.ArrayList.forEach(ArrayList.java:1257)
... Removed 26 stack frames</div></td></tr></table><p class="totop"><a href="#summary">back to summary</a></p>
<h3 id="m51">com.pss.qms.ChangeControlRejection.RegReviewerReject#toRegReviewerReject</h3><table class="result"><tr><th>Exception</th></tr><tr><td><div class="stacktrace">java.lang.RuntimeException: Test skipped due to a detected failure in the overall suite.
	at com.pss.qms.Listners.SuiteFailingInvokedMethodListener.beforeInvocation(SuiteFailingInvokedMethodListener.java:17)
	at java.util.ArrayList.forEach(ArrayList.java:1257)
... Removed 26 stack frames</div></td></tr></table><p class="totop"><a href="#summary">back to summary</a></p>
<h2>QMSTestSuites suite4</h2><h3 id="m52">com.pss.qms.ChangeControlRejection.CFTReviewApprove#setUp</h3><table class="result"><tr><th>Exception</th></tr><tr><td><div class="stacktrace">java.lang.RuntimeException: Test skipped due to a detected failure in the overall suite.
	at com.pss.qms.Listners.SuiteFailingInvokedMethodListener.beforeInvocation(SuiteFailingInvokedMethodListener.java:17)
	at java.util.ArrayList.forEach(ArrayList.java:1257)
... Removed 26 stack frames</div></td></tr></table><p class="totop"><a href="#summary">back to summary</a></p>
<h3 id="m53">com.pss.qms.ChangeControlRejection.CFTReviewApprove#tearDown</h3><table class="result"><tr><th>Exception</th></tr><tr><td><div class="stacktrace">java.lang.RuntimeException: Test skipped due to a detected failure in the overall suite.
	at com.pss.qms.Listners.SuiteFailingInvokedMethodListener.beforeInvocation(SuiteFailingInvokedMethodListener.java:17)
	at java.util.ArrayList.forEach(ArrayList.java:1257)
... Removed 25 stack frames</div></td></tr></table><p class="totop"><a href="#summary">back to summary</a></p>
<h3 id="m54">com.pss.qms.ChangeControlRejection.CustomerNotification#setUp</h3><table class="result"><tr><th>Exception</th></tr><tr><td><div class="stacktrace">java.lang.RuntimeException: Test skipped due to a detected failure in the overall suite.
	at com.pss.qms.Listners.SuiteFailingInvokedMethodListener.beforeInvocation(SuiteFailingInvokedMethodListener.java:17)
	at java.util.ArrayList.forEach(ArrayList.java:1257)
... Removed 26 stack frames</div></td></tr></table><p class="totop"><a href="#summary">back to summary</a></p>
<h3 id="m55">com.pss.qms.ChangeControlRejection.CustomerNotification#tearDown</h3><table class="result"><tr><th>Exception</th></tr><tr><td><div class="stacktrace">java.lang.RuntimeException: Test skipped due to a detected failure in the overall suite.
	at com.pss.qms.Listners.SuiteFailingInvokedMethodListener.beforeInvocation(SuiteFailingInvokedMethodListener.java:17)
	at java.util.ArrayList.forEach(ArrayList.java:1257)
... Removed 25 stack frames</div></td></tr></table><p class="totop"><a href="#summary">back to summary</a></p>
<h3 id="m56">com.pss.qms.ChangeControlRejection.CustomerResponseReject#setUp</h3><table class="result"><tr><th>Exception</th></tr><tr><td><div class="stacktrace">java.lang.RuntimeException: Test skipped due to a detected failure in the overall suite.
	at com.pss.qms.Listners.SuiteFailingInvokedMethodListener.beforeInvocation(SuiteFailingInvokedMethodListener.java:17)
	at java.util.ArrayList.forEach(ArrayList.java:1257)
... Removed 26 stack frames</div></td></tr></table><p class="totop"><a href="#summary">back to summary</a></p>
<h3 id="m57">com.pss.qms.ChangeControlRejection.CustomerResponseReject#tearDown</h3><table class="result"><tr><th>Exception</th></tr><tr><td><div class="stacktrace">java.lang.RuntimeException: Test skipped due to a detected failure in the overall suite.
	at com.pss.qms.Listners.SuiteFailingInvokedMethodListener.beforeInvocation(SuiteFailingInvokedMethodListener.java:17)
	at java.util.ArrayList.forEach(ArrayList.java:1257)
... Removed 25 stack frames</div></td></tr></table><p class="totop"><a href="#summary">back to summary</a></p>
<h3 id="m58">com.pss.qms.ChangeControlRejection.QAReviewAfterCustomerReject#setUp</h3><table class="result"><tr><th>Exception</th></tr><tr><td><div class="stacktrace">java.lang.RuntimeException: Test skipped due to a detected failure in the overall suite.
	at com.pss.qms.Listners.SuiteFailingInvokedMethodListener.beforeInvocation(SuiteFailingInvokedMethodListener.java:17)
	at java.util.ArrayList.forEach(ArrayList.java:1257)
... Removed 26 stack frames</div></td></tr></table><p class="totop"><a href="#summary">back to summary</a></p>
<h3 id="m59">com.pss.qms.ChangeControlRejection.QAReviewAfterCustomerReject#tearDown</h3><table class="result"><tr><th>Exception</th></tr><tr><td><div class="stacktrace">java.lang.RuntimeException: Test skipped due to a detected failure in the overall suite.
	at com.pss.qms.Listners.SuiteFailingInvokedMethodListener.beforeInvocation(SuiteFailingInvokedMethodListener.java:17)
	at java.util.ArrayList.forEach(ArrayList.java:1257)
... Removed 25 stack frames</div></td></tr></table><p class="totop"><a href="#summary">back to summary</a></p>
<h3 id="m60">com.pss.qms.ChangeControlRejection.RegReviewerApprove#setUp</h3><table class="result"><tr><th>Exception</th></tr><tr><td><div class="stacktrace">java.lang.RuntimeException: Test skipped due to a detected failure in the overall suite.
	at com.pss.qms.Listners.SuiteFailingInvokedMethodListener.beforeInvocation(SuiteFailingInvokedMethodListener.java:17)
	at java.util.ArrayList.forEach(ArrayList.java:1257)
... Removed 26 stack frames</div></td></tr></table><p class="totop"><a href="#summary">back to summary</a></p>
<h3 id="m61">com.pss.qms.ChangeControlRejection.RegReviewerApprove#tearDown</h3><table class="result"><tr><th>Exception</th></tr><tr><td><div class="stacktrace">java.lang.RuntimeException: Test skipped due to a detected failure in the overall suite.
	at com.pss.qms.Listners.SuiteFailingInvokedMethodListener.beforeInvocation(SuiteFailingInvokedMethodListener.java:17)
	at java.util.ArrayList.forEach(ArrayList.java:1257)
... Removed 25 stack frames</div></td></tr></table><p class="totop"><a href="#summary">back to summary</a></p>
<h3 id="m62">com.pss.qms.ChangeControlRejection.CFTReviewApprove#toCFTReviewApprove</h3><table class="result"><tr><th>Exception</th></tr><tr><td><div class="stacktrace">java.lang.RuntimeException: Test skipped due to a detected failure in the overall suite.
	at com.pss.qms.Listners.SuiteFailingInvokedMethodListener.beforeInvocation(SuiteFailingInvokedMethodListener.java:17)
	at java.util.ArrayList.forEach(ArrayList.java:1257)
... Removed 30 stack frames</div></td></tr></table><p class="totop"><a href="#summary">back to summary</a></p>
<h3 id="m63">com.pss.qms.ChangeControlRejection.CustomerNotification#toCustomerNotification</h3><table class="result"><tr><th>Exception</th></tr><tr><td><div class="stacktrace">java.lang.RuntimeException: Test skipped due to a detected failure in the overall suite.
	at com.pss.qms.Listners.SuiteFailingInvokedMethodListener.beforeInvocation(SuiteFailingInvokedMethodListener.java:17)
	at java.util.ArrayList.forEach(ArrayList.java:1257)
... Removed 30 stack frames</div></td></tr></table><p class="totop"><a href="#summary">back to summary</a></p>
<h3 id="m64">com.pss.qms.ChangeControlRejection.CustomerResponseReject#toReviewCCCustomerResponseReject</h3><table class="result"><tr><th>Exception</th></tr><tr><td><div class="stacktrace">java.lang.RuntimeException: Test skipped due to a detected failure in the overall suite.
	at com.pss.qms.Listners.SuiteFailingInvokedMethodListener.beforeInvocation(SuiteFailingInvokedMethodListener.java:17)
	at java.util.ArrayList.forEach(ArrayList.java:1257)
... Removed 30 stack frames</div></td></tr></table><p class="totop"><a href="#summary">back to summary</a></p>
<h3 id="m65">com.pss.qms.ChangeControlRejection.QAReviewAfterCustomerReject#toQAReviewAfterCustomerReject</h3><table class="result"><tr><th>Exception</th></tr><tr><td><div class="stacktrace">java.lang.RuntimeException: Test skipped due to a detected failure in the overall suite.
	at com.pss.qms.Listners.SuiteFailingInvokedMethodListener.beforeInvocation(SuiteFailingInvokedMethodListener.java:17)
	at java.util.ArrayList.forEach(ArrayList.java:1257)
... Removed 30 stack frames</div></td></tr></table><p class="totop"><a href="#summary">back to summary</a></p>
<h3 id="m66">com.pss.qms.ChangeControlRejection.RegReviewerApprove#toRegReviewerApprove</h3><table class="result"><tr><th>Exception</th></tr><tr><td><div class="stacktrace">java.lang.RuntimeException: Test skipped due to a detected failure in the overall suite.
	at com.pss.qms.Listners.SuiteFailingInvokedMethodListener.beforeInvocation(SuiteFailingInvokedMethodListener.java:17)
	at java.util.ArrayList.forEach(ArrayList.java:1257)
... Removed 30 stack frames</div></td></tr></table><p class="totop"><a href="#summary">back to summary</a></p>
<h3 id="m67">com.pss.qms.ChangeControlRejection.CFTReviewApprove#toCFTReviewApprove</h3><table class="result"><tr><th>Exception</th></tr><tr><td><div class="stacktrace">java.lang.RuntimeException: Test skipped due to a detected failure in the overall suite.
	at com.pss.qms.Listners.SuiteFailingInvokedMethodListener.beforeInvocation(SuiteFailingInvokedMethodListener.java:17)
	at java.util.ArrayList.forEach(ArrayList.java:1257)
... Removed 26 stack frames</div></td></tr></table><p class="totop"><a href="#summary">back to summary</a></p>
<h3 id="m68">com.pss.qms.ChangeControlRejection.CustomerNotification#toCustomerNotification</h3><table class="result"><tr><th>Exception</th></tr><tr><td><div class="stacktrace">java.lang.RuntimeException: Test skipped due to a detected failure in the overall suite.
	at com.pss.qms.Listners.SuiteFailingInvokedMethodListener.beforeInvocation(SuiteFailingInvokedMethodListener.java:17)
	at java.util.ArrayList.forEach(ArrayList.java:1257)
... Removed 26 stack frames</div></td></tr></table><p class="totop"><a href="#summary">back to summary</a></p>
<h3 id="m69">com.pss.qms.ChangeControlRejection.CustomerResponseReject#toReviewCCCustomerResponseReject</h3><table class="result"><tr><th>Exception</th></tr><tr><td><div class="stacktrace">java.lang.RuntimeException: Test skipped due to a detected failure in the overall suite.
	at com.pss.qms.Listners.SuiteFailingInvokedMethodListener.beforeInvocation(SuiteFailingInvokedMethodListener.java:17)
	at java.util.ArrayList.forEach(ArrayList.java:1257)
... Removed 26 stack frames</div></td></tr></table><p class="totop"><a href="#summary">back to summary</a></p>
<h3 id="m70">com.pss.qms.ChangeControlRejection.QAReviewAfterCustomerReject#toQAReviewAfterCustomerReject</h3><table class="result"><tr><th>Exception</th></tr><tr><td><div class="stacktrace">java.lang.RuntimeException: Test skipped due to a detected failure in the overall suite.
	at com.pss.qms.Listners.SuiteFailingInvokedMethodListener.beforeInvocation(SuiteFailingInvokedMethodListener.java:17)
	at java.util.ArrayList.forEach(ArrayList.java:1257)
... Removed 26 stack frames</div></td></tr></table><p class="totop"><a href="#summary">back to summary</a></p>
<h3 id="m71">com.pss.qms.ChangeControlRejection.RegReviewerApprove#toRegReviewerApprove</h3><table class="result"><tr><th>Exception</th></tr><tr><td><div class="stacktrace">java.lang.RuntimeException: Test skipped due to a detected failure in the overall suite.
	at com.pss.qms.Listners.SuiteFailingInvokedMethodListener.beforeInvocation(SuiteFailingInvokedMethodListener.java:17)
	at java.util.ArrayList.forEach(ArrayList.java:1257)
... Removed 26 stack frames</div></td></tr></table><p class="totop"><a href="#summary">back to summary</a></p>
<h2>QMSTestSuites suite5</h2><h3 id="m72">com.pss.qms.ChangeControlRejection.CFTReviewApprove#setUp</h3><table class="result"><tr><th>Exception</th></tr><tr><td><div class="stacktrace">java.lang.RuntimeException: Test skipped due to a detected failure in the overall suite.
	at com.pss.qms.Listners.SuiteFailingInvokedMethodListener.beforeInvocation(SuiteFailingInvokedMethodListener.java:17)
	at java.util.ArrayList.forEach(ArrayList.java:1257)
... Removed 26 stack frames</div></td></tr></table><p class="totop"><a href="#summary">back to summary</a></p>
<h3 id="m73">com.pss.qms.ChangeControlRejection.CFTReviewApprove#tearDown</h3><table class="result"><tr><th>Exception</th></tr><tr><td><div class="stacktrace">java.lang.RuntimeException: Test skipped due to a detected failure in the overall suite.
	at com.pss.qms.Listners.SuiteFailingInvokedMethodListener.beforeInvocation(SuiteFailingInvokedMethodListener.java:17)
	at java.util.ArrayList.forEach(ArrayList.java:1257)
... Removed 25 stack frames</div></td></tr></table><p class="totop"><a href="#summary">back to summary</a></p>
<h3 id="m74">com.pss.qms.ChangeControlRejection.CustomerNotification#setUp</h3><table class="result"><tr><th>Exception</th></tr><tr><td><div class="stacktrace">java.lang.RuntimeException: Test skipped due to a detected failure in the overall suite.
	at com.pss.qms.Listners.SuiteFailingInvokedMethodListener.beforeInvocation(SuiteFailingInvokedMethodListener.java:17)
	at java.util.ArrayList.forEach(ArrayList.java:1257)
... Removed 26 stack frames</div></td></tr></table><p class="totop"><a href="#summary">back to summary</a></p>
<h3 id="m75">com.pss.qms.ChangeControlRejection.CustomerNotification#tearDown</h3><table class="result"><tr><th>Exception</th></tr><tr><td><div class="stacktrace">java.lang.RuntimeException: Test skipped due to a detected failure in the overall suite.
	at com.pss.qms.Listners.SuiteFailingInvokedMethodListener.beforeInvocation(SuiteFailingInvokedMethodListener.java:17)
	at java.util.ArrayList.forEach(ArrayList.java:1257)
... Removed 25 stack frames</div></td></tr></table><p class="totop"><a href="#summary">back to summary</a></p>
<h3 id="m76">com.pss.qms.ChangeControlRejection.CustomerResponse#setUp</h3><table class="result"><tr><th>Exception</th></tr><tr><td><div class="stacktrace">java.lang.RuntimeException: Test skipped due to a detected failure in the overall suite.
	at com.pss.qms.Listners.SuiteFailingInvokedMethodListener.beforeInvocation(SuiteFailingInvokedMethodListener.java:17)
	at java.util.ArrayList.forEach(ArrayList.java:1257)
... Removed 26 stack frames</div></td></tr></table><p class="totop"><a href="#summary">back to summary</a></p>
<h3 id="m77">com.pss.qms.ChangeControlRejection.CustomerResponse#tearDown</h3><table class="result"><tr><th>Exception</th></tr><tr><td><div class="stacktrace">java.lang.RuntimeException: Test skipped due to a detected failure in the overall suite.
	at com.pss.qms.Listners.SuiteFailingInvokedMethodListener.beforeInvocation(SuiteFailingInvokedMethodListener.java:17)
	at java.util.ArrayList.forEach(ArrayList.java:1257)
... Removed 25 stack frames</div></td></tr></table><p class="totop"><a href="#summary">back to summary</a></p>
<h3 id="m78">com.pss.qms.ChangeControlRejection.QAApproveReject#setUp</h3><table class="result"><tr><th>Exception</th></tr><tr><td><div class="stacktrace">java.lang.RuntimeException: Test skipped due to a detected failure in the overall suite.
	at com.pss.qms.Listners.SuiteFailingInvokedMethodListener.beforeInvocation(SuiteFailingInvokedMethodListener.java:17)
	at java.util.ArrayList.forEach(ArrayList.java:1257)
... Removed 26 stack frames</div></td></tr></table><p class="totop"><a href="#summary">back to summary</a></p>
<h3 id="m79">com.pss.qms.ChangeControlRejection.QAApproveReject#tearDown</h3><table class="result"><tr><th>Exception</th></tr><tr><td><div class="stacktrace">java.lang.RuntimeException: Test skipped due to a detected failure in the overall suite.
	at com.pss.qms.Listners.SuiteFailingInvokedMethodListener.beforeInvocation(SuiteFailingInvokedMethodListener.java:17)
	at java.util.ArrayList.forEach(ArrayList.java:1257)
... Removed 25 stack frames</div></td></tr></table><p class="totop"><a href="#summary">back to summary</a></p>
<h3 id="m80">com.pss.qms.ChangeControlRejection.QAReviewWithoutCFT#setUp</h3><table class="result"><tr><th>Exception</th></tr><tr><td><div class="stacktrace">java.lang.RuntimeException: Test skipped due to a detected failure in the overall suite.
	at com.pss.qms.Listners.SuiteFailingInvokedMethodListener.beforeInvocation(SuiteFailingInvokedMethodListener.java:17)
	at java.util.ArrayList.forEach(ArrayList.java:1257)
... Removed 26 stack frames</div></td></tr></table><p class="totop"><a href="#summary">back to summary</a></p>
<h3 id="m81">com.pss.qms.ChangeControlRejection.QAReviewWithoutCFT#tearDown</h3><table class="result"><tr><th>Exception</th></tr><tr><td><div class="stacktrace">java.lang.RuntimeException: Test skipped due to a detected failure in the overall suite.
	at com.pss.qms.Listners.SuiteFailingInvokedMethodListener.beforeInvocation(SuiteFailingInvokedMethodListener.java:17)
	at java.util.ArrayList.forEach(ArrayList.java:1257)
... Removed 25 stack frames</div></td></tr></table><p class="totop"><a href="#summary">back to summary</a></p>
<h3 id="m82">com.pss.qms.ChangeControlRejection.RegReviewerApprove#setUp</h3><table class="result"><tr><th>Exception</th></tr><tr><td><div class="stacktrace">java.lang.RuntimeException: Test skipped due to a detected failure in the overall suite.
	at com.pss.qms.Listners.SuiteFailingInvokedMethodListener.beforeInvocation(SuiteFailingInvokedMethodListener.java:17)
	at java.util.ArrayList.forEach(ArrayList.java:1257)
... Removed 26 stack frames</div></td></tr></table><p class="totop"><a href="#summary">back to summary</a></p>
<h3 id="m83">com.pss.qms.ChangeControlRejection.RegReviewerApprove#tearDown</h3><table class="result"><tr><th>Exception</th></tr><tr><td><div class="stacktrace">java.lang.RuntimeException: Test skipped due to a detected failure in the overall suite.
	at com.pss.qms.Listners.SuiteFailingInvokedMethodListener.beforeInvocation(SuiteFailingInvokedMethodListener.java:17)
	at java.util.ArrayList.forEach(ArrayList.java:1257)
... Removed 25 stack frames</div></td></tr></table><p class="totop"><a href="#summary">back to summary</a></p>
<h3 id="m84">com.pss.qms.ChangeControlRejection.CFTReviewApprove#toCFTReviewApprove</h3><table class="result"><tr><th>Exception</th></tr><tr><td><div class="stacktrace">java.lang.RuntimeException: Test skipped due to a detected failure in the overall suite.
	at com.pss.qms.Listners.SuiteFailingInvokedMethodListener.beforeInvocation(SuiteFailingInvokedMethodListener.java:17)
	at java.util.ArrayList.forEach(ArrayList.java:1257)
... Removed 30 stack frames</div></td></tr></table><p class="totop"><a href="#summary">back to summary</a></p>
<h3 id="m85">com.pss.qms.ChangeControlRejection.CustomerNotification#toCustomerNotification</h3><table class="result"><tr><th>Exception</th></tr><tr><td><div class="stacktrace">java.lang.RuntimeException: Test skipped due to a detected failure in the overall suite.
	at com.pss.qms.Listners.SuiteFailingInvokedMethodListener.beforeInvocation(SuiteFailingInvokedMethodListener.java:17)
	at java.util.ArrayList.forEach(ArrayList.java:1257)
... Removed 30 stack frames</div></td></tr></table><p class="totop"><a href="#summary">back to summary</a></p>
<h3 id="m86">com.pss.qms.ChangeControlRejection.CustomerResponse#toCustomerResponse</h3><table class="result"><tr><th>Exception</th></tr><tr><td><div class="stacktrace">java.lang.RuntimeException: Test skipped due to a detected failure in the overall suite.
	at com.pss.qms.Listners.SuiteFailingInvokedMethodListener.beforeInvocation(SuiteFailingInvokedMethodListener.java:17)
	at java.util.ArrayList.forEach(ArrayList.java:1257)
... Removed 30 stack frames</div></td></tr></table><p class="totop"><a href="#summary">back to summary</a></p>
<h3 id="m87">com.pss.qms.ChangeControlRejection.QAApproveReject#toQAApproveReject</h3><table class="result"><tr><th>Exception</th></tr><tr><td><div class="stacktrace">java.lang.RuntimeException: Test skipped due to a detected failure in the overall suite.
	at com.pss.qms.Listners.SuiteFailingInvokedMethodListener.beforeInvocation(SuiteFailingInvokedMethodListener.java:17)
	at java.util.ArrayList.forEach(ArrayList.java:1257)
... Removed 30 stack frames</div></td></tr></table><p class="totop"><a href="#summary">back to summary</a></p>
<h3 id="m88">com.pss.qms.ChangeControlRejection.QAReviewWithoutCFT#toQAReviewWithoutCFT</h3><table class="result"><tr><th>Exception</th></tr><tr><td><div class="stacktrace">java.lang.RuntimeException: Test skipped due to a detected failure in the overall suite.
	at com.pss.qms.Listners.SuiteFailingInvokedMethodListener.beforeInvocation(SuiteFailingInvokedMethodListener.java:17)
	at java.util.ArrayList.forEach(ArrayList.java:1257)
... Removed 30 stack frames</div></td></tr></table><p class="totop"><a href="#summary">back to summary</a></p>
<h3 id="m89">com.pss.qms.ChangeControlRejection.RegReviewerApprove#toRegReviewerApprove</h3><table class="result"><tr><th>Exception</th></tr><tr><td><div class="stacktrace">java.lang.RuntimeException: Test skipped due to a detected failure in the overall suite.
	at com.pss.qms.Listners.SuiteFailingInvokedMethodListener.beforeInvocation(SuiteFailingInvokedMethodListener.java:17)
	at java.util.ArrayList.forEach(ArrayList.java:1257)
... Removed 30 stack frames</div></td></tr></table><p class="totop"><a href="#summary">back to summary</a></p>
<h3 id="m90">com.pss.qms.ChangeControlRejection.CFTReviewApprove#toCFTReviewApprove</h3><table class="result"><tr><th>Exception</th></tr><tr><td><div class="stacktrace">java.lang.RuntimeException: Test skipped due to a detected failure in the overall suite.
	at com.pss.qms.Listners.SuiteFailingInvokedMethodListener.beforeInvocation(SuiteFailingInvokedMethodListener.java:17)
	at java.util.ArrayList.forEach(ArrayList.java:1257)
... Removed 26 stack frames</div></td></tr></table><p class="totop"><a href="#summary">back to summary</a></p>
<h3 id="m91">com.pss.qms.ChangeControlRejection.CustomerNotification#toCustomerNotification</h3><table class="result"><tr><th>Exception</th></tr><tr><td><div class="stacktrace">java.lang.RuntimeException: Test skipped due to a detected failure in the overall suite.
	at com.pss.qms.Listners.SuiteFailingInvokedMethodListener.beforeInvocation(SuiteFailingInvokedMethodListener.java:17)
	at java.util.ArrayList.forEach(ArrayList.java:1257)
... Removed 26 stack frames</div></td></tr></table><p class="totop"><a href="#summary">back to summary</a></p>
<h3 id="m92">com.pss.qms.ChangeControlRejection.CustomerResponse#toCustomerResponse</h3><table class="result"><tr><th>Exception</th></tr><tr><td><div class="stacktrace">java.lang.RuntimeException: Test skipped due to a detected failure in the overall suite.
	at com.pss.qms.Listners.SuiteFailingInvokedMethodListener.beforeInvocation(SuiteFailingInvokedMethodListener.java:17)
	at java.util.ArrayList.forEach(ArrayList.java:1257)
... Removed 26 stack frames</div></td></tr></table><p class="totop"><a href="#summary">back to summary</a></p>
<h3 id="m93">com.pss.qms.ChangeControlRejection.QAApproveReject#toQAApproveReject</h3><table class="result"><tr><th>Exception</th></tr><tr><td><div class="stacktrace">java.lang.RuntimeException: Test skipped due to a detected failure in the overall suite.
	at com.pss.qms.Listners.SuiteFailingInvokedMethodListener.beforeInvocation(SuiteFailingInvokedMethodListener.java:17)
	at java.util.ArrayList.forEach(ArrayList.java:1257)
... Removed 26 stack frames</div></td></tr></table><p class="totop"><a href="#summary">back to summary</a></p>
<h3 id="m94">com.pss.qms.ChangeControlRejection.QAReviewWithoutCFT#toQAReviewWithoutCFT</h3><table class="result"><tr><th>Exception</th></tr><tr><td><div class="stacktrace">java.lang.RuntimeException: Test skipped due to a detected failure in the overall suite.
	at com.pss.qms.Listners.SuiteFailingInvokedMethodListener.beforeInvocation(SuiteFailingInvokedMethodListener.java:17)
	at java.util.ArrayList.forEach(ArrayList.java:1257)
... Removed 26 stack frames</div></td></tr></table><p class="totop"><a href="#summary">back to summary</a></p>
<h3 id="m95">com.pss.qms.ChangeControlRejection.RegReviewerApprove#toRegReviewerApprove</h3><table class="result"><tr><th>Exception</th></tr><tr><td><div class="stacktrace">java.lang.RuntimeException: Test skipped due to a detected failure in the overall suite.
	at com.pss.qms.Listners.SuiteFailingInvokedMethodListener.beforeInvocation(SuiteFailingInvokedMethodListener.java:17)
	at java.util.ArrayList.forEach(ArrayList.java:1257)
... Removed 26 stack frames</div></td></tr></table><p class="totop"><a href="#summary">back to summary</a></p>
<h2>QMSTestSuites suite6</h2><h3 id="m96">com.pss.qms.ChangeControlRejection.PostApprovalActionsInitiate#setUp</h3><table class="result"><tr><th>Exception</th></tr><tr><td><div class="stacktrace">java.lang.RuntimeException: Test skipped due to a detected failure in the overall suite.
	at com.pss.qms.Listners.SuiteFailingInvokedMethodListener.beforeInvocation(SuiteFailingInvokedMethodListener.java:17)
	at java.util.ArrayList.forEach(ArrayList.java:1257)
... Removed 26 stack frames</div></td></tr></table><p class="totop"><a href="#summary">back to summary</a></p>
<h3 id="m97">com.pss.qms.ChangeControlRejection.PostApprovalActionsInitiate#tearDown</h3><table class="result"><tr><th>Exception</th></tr><tr><td><div class="stacktrace">java.lang.RuntimeException: Test skipped due to a detected failure in the overall suite.
	at com.pss.qms.Listners.SuiteFailingInvokedMethodListener.beforeInvocation(SuiteFailingInvokedMethodListener.java:17)
	at java.util.ArrayList.forEach(ArrayList.java:1257)
... Removed 25 stack frames</div></td></tr></table><p class="totop"><a href="#summary">back to summary</a></p>
<h3 id="m98">com.pss.qms.ChangeControlRejection.QAApprover#setUp</h3><table class="result"><tr><th>Exception</th></tr><tr><td><div class="stacktrace">java.lang.RuntimeException: Test skipped due to a detected failure in the overall suite.
	at com.pss.qms.Listners.SuiteFailingInvokedMethodListener.beforeInvocation(SuiteFailingInvokedMethodListener.java:17)
	at java.util.ArrayList.forEach(ArrayList.java:1257)
... Removed 26 stack frames</div></td></tr></table><p class="totop"><a href="#summary">back to summary</a></p>
<h3 id="m99">com.pss.qms.ChangeControlRejection.QAApprover#tearDown</h3><table class="result"><tr><th>Exception</th></tr><tr><td><div class="stacktrace">java.lang.RuntimeException: Test skipped due to a detected failure in the overall suite.
	at com.pss.qms.Listners.SuiteFailingInvokedMethodListener.beforeInvocation(SuiteFailingInvokedMethodListener.java:17)
	at java.util.ArrayList.forEach(ArrayList.java:1257)
... Removed 25 stack frames</div></td></tr></table><p class="totop"><a href="#summary">back to summary</a></p>
<h3 id="m100">com.pss.qms.ChangeControlRejection.QAReviewAfterApproveReject#setUp</h3><table class="result"><tr><th>Exception</th></tr><tr><td><div class="stacktrace">java.lang.RuntimeException: Test skipped due to a detected failure in the overall suite.
	at com.pss.qms.Listners.SuiteFailingInvokedMethodListener.beforeInvocation(SuiteFailingInvokedMethodListener.java:17)
	at java.util.ArrayList.forEach(ArrayList.java:1257)
... Removed 26 stack frames</div></td></tr></table><p class="totop"><a href="#summary">back to summary</a></p>
<h3 id="m101">com.pss.qms.ChangeControlRejection.QAReviewAfterApproveReject#tearDown</h3><table class="result"><tr><th>Exception</th></tr><tr><td><div class="stacktrace">java.lang.RuntimeException: Test skipped due to a detected failure in the overall suite.
	at com.pss.qms.Listners.SuiteFailingInvokedMethodListener.beforeInvocation(SuiteFailingInvokedMethodListener.java:17)
	at java.util.ArrayList.forEach(ArrayList.java:1257)
... Removed 25 stack frames</div></td></tr></table><p class="totop"><a href="#summary">back to summary</a></p>
<h3 id="m102">com.pss.qms.ChangeControlRejection.PostApprovalActionsInitiate#toPostApprovalActionInitiate</h3><table class="result"><tr><th>Exception</th></tr><tr><td><div class="stacktrace">java.lang.RuntimeException: Test skipped due to a detected failure in the overall suite.
	at com.pss.qms.Listners.SuiteFailingInvokedMethodListener.beforeInvocation(SuiteFailingInvokedMethodListener.java:17)
	at java.util.ArrayList.forEach(ArrayList.java:1257)
... Removed 30 stack frames</div></td></tr></table><p class="totop"><a href="#summary">back to summary</a></p>
<h3 id="m103">com.pss.qms.ChangeControlRejection.QAApprover#toQAApprover</h3><table class="result"><tr><th>Exception</th></tr><tr><td><div class="stacktrace">java.lang.RuntimeException: Test skipped due to a detected failure in the overall suite.
	at com.pss.qms.Listners.SuiteFailingInvokedMethodListener.beforeInvocation(SuiteFailingInvokedMethodListener.java:17)
	at java.util.ArrayList.forEach(ArrayList.java:1257)
... Removed 30 stack frames</div></td></tr></table><p class="totop"><a href="#summary">back to summary</a></p>
<h3 id="m104">com.pss.qms.ChangeControlRejection.QAReviewAfterApproveReject#toQAReviewAfterApproveReject</h3><table class="result"><tr><th>Exception</th></tr><tr><td><div class="stacktrace">java.lang.RuntimeException: Test skipped due to a detected failure in the overall suite.
	at com.pss.qms.Listners.SuiteFailingInvokedMethodListener.beforeInvocation(SuiteFailingInvokedMethodListener.java:17)
	at java.util.ArrayList.forEach(ArrayList.java:1257)
... Removed 30 stack frames</div></td></tr></table><p class="totop"><a href="#summary">back to summary</a></p>
<h3 id="m105">com.pss.qms.ChangeControlRejection.PostApprovalActionsInitiate#toPostApprovalActionInitiate</h3><table class="result"><tr><th>Exception</th></tr><tr><td><div class="stacktrace">java.lang.RuntimeException: Test skipped due to a detected failure in the overall suite.
	at com.pss.qms.Listners.SuiteFailingInvokedMethodListener.beforeInvocation(SuiteFailingInvokedMethodListener.java:17)
	at java.util.ArrayList.forEach(ArrayList.java:1257)
... Removed 26 stack frames</div></td></tr></table><p class="totop"><a href="#summary">back to summary</a></p>
<h3 id="m106">com.pss.qms.ChangeControlRejection.QAApprover#toQAApprover</h3><table class="result"><tr><th>Exception</th></tr><tr><td><div class="stacktrace">java.lang.RuntimeException: Test skipped due to a detected failure in the overall suite.
	at com.pss.qms.Listners.SuiteFailingInvokedMethodListener.beforeInvocation(SuiteFailingInvokedMethodListener.java:17)
	at java.util.ArrayList.forEach(ArrayList.java:1257)
... Removed 26 stack frames</div></td></tr></table><p class="totop"><a href="#summary">back to summary</a></p>
<h3 id="m107">com.pss.qms.ChangeControlRejection.QAReviewAfterApproveReject#toQAReviewAfterApproveReject</h3><table class="result"><tr><th>Exception</th></tr><tr><td><div class="stacktrace">java.lang.RuntimeException: Test skipped due to a detected failure in the overall suite.
	at com.pss.qms.Listners.SuiteFailingInvokedMethodListener.beforeInvocation(SuiteFailingInvokedMethodListener.java:17)
	at java.util.ArrayList.forEach(ArrayList.java:1257)
... Removed 26 stack frames</div></td></tr></table><p class="totop"><a href="#summary">back to summary</a></p>
<h2>QMSTestSuites suite7</h2><h3 id="m108">com.pss.qms.ChangeControlRejection.PostApprovalActionReviewApprove#setUp</h3><table class="result"><tr><th>Exception</th></tr><tr><td><div class="stacktrace">java.lang.RuntimeException: Test skipped due to a detected failure in the overall suite.
	at com.pss.qms.Listners.SuiteFailingInvokedMethodListener.beforeInvocation(SuiteFailingInvokedMethodListener.java:17)
	at java.util.ArrayList.forEach(ArrayList.java:1257)
... Removed 26 stack frames</div></td></tr></table><p class="totop"><a href="#summary">back to summary</a></p>
<h3 id="m109">com.pss.qms.ChangeControlRejection.PostApprovalActionReviewApprove#tearDown</h3><table class="result"><tr><th>Exception</th></tr><tr><td><div class="stacktrace">java.lang.RuntimeException: Test skipped due to a detected failure in the overall suite.
	at com.pss.qms.Listners.SuiteFailingInvokedMethodListener.beforeInvocation(SuiteFailingInvokedMethodListener.java:17)
	at java.util.ArrayList.forEach(ArrayList.java:1257)
... Removed 25 stack frames</div></td></tr></table><p class="totop"><a href="#summary">back to summary</a></p>
<h3 id="m110">com.pss.qms.ChangeControlRejection.PostApprovalActionsInitiateAfterReject#setUp</h3><table class="result"><tr><th>Exception</th></tr><tr><td><div class="stacktrace">java.lang.RuntimeException: Test skipped due to a detected failure in the overall suite.
	at com.pss.qms.Listners.SuiteFailingInvokedMethodListener.beforeInvocation(SuiteFailingInvokedMethodListener.java:17)
	at java.util.ArrayList.forEach(ArrayList.java:1257)
... Removed 26 stack frames</div></td></tr></table><p class="totop"><a href="#summary">back to summary</a></p>
<h3 id="m111">com.pss.qms.ChangeControlRejection.PostApprovalActionsInitiateAfterReject#tearDown</h3><table class="result"><tr><th>Exception</th></tr><tr><td><div class="stacktrace">java.lang.RuntimeException: Test skipped due to a detected failure in the overall suite.
	at com.pss.qms.Listners.SuiteFailingInvokedMethodListener.beforeInvocation(SuiteFailingInvokedMethodListener.java:17)
	at java.util.ArrayList.forEach(ArrayList.java:1257)
... Removed 25 stack frames</div></td></tr></table><p class="totop"><a href="#summary">back to summary</a></p>
<h3 id="m112">com.pss.qms.ChangeControlRejection.PostApprovalActionsReviewReject#setUp</h3><table class="result"><tr><th>Exception</th></tr><tr><td><div class="stacktrace">java.lang.RuntimeException: Test skipped due to a detected failure in the overall suite.
	at com.pss.qms.Listners.SuiteFailingInvokedMethodListener.beforeInvocation(SuiteFailingInvokedMethodListener.java:17)
	at java.util.ArrayList.forEach(ArrayList.java:1257)
... Removed 26 stack frames</div></td></tr></table><p class="totop"><a href="#summary">back to summary</a></p>
<h3 id="m113">com.pss.qms.ChangeControlRejection.PostApprovalActionsReviewReject#tearDown</h3><table class="result"><tr><th>Exception</th></tr><tr><td><div class="stacktrace">java.lang.RuntimeException: Test skipped due to a detected failure in the overall suite.
	at com.pss.qms.Listners.SuiteFailingInvokedMethodListener.beforeInvocation(SuiteFailingInvokedMethodListener.java:17)
	at java.util.ArrayList.forEach(ArrayList.java:1257)
... Removed 25 stack frames</div></td></tr></table><p class="totop"><a href="#summary">back to summary</a></p>
<h3 id="m114">com.pss.qms.ChangeControlRejection.PostApprovalActionReviewApprove#toPostApprovalActionReview</h3><table class="result"><tr><th>Exception</th></tr><tr><td><div class="stacktrace">java.lang.RuntimeException: Test skipped due to a detected failure in the overall suite.
	at com.pss.qms.Listners.SuiteFailingInvokedMethodListener.beforeInvocation(SuiteFailingInvokedMethodListener.java:17)
	at java.util.ArrayList.forEach(ArrayList.java:1257)
... Removed 30 stack frames</div></td></tr></table><p class="totop"><a href="#summary">back to summary</a></p>
<h3 id="m115">com.pss.qms.ChangeControlRejection.PostApprovalActionsInitiateAfterReject#toPostApprovalActionsInitiateAfterReject</h3><table class="result"><tr><th>Exception</th></tr><tr><td><div class="stacktrace">java.lang.RuntimeException: Test skipped due to a detected failure in the overall suite.
	at com.pss.qms.Listners.SuiteFailingInvokedMethodListener.beforeInvocation(SuiteFailingInvokedMethodListener.java:17)
	at java.util.ArrayList.forEach(ArrayList.java:1257)
... Removed 30 stack frames</div></td></tr></table><p class="totop"><a href="#summary">back to summary</a></p>
<h3 id="m116">com.pss.qms.ChangeControlRejection.PostApprovalActionsReviewReject#toPostApprovalActionsReviewReject</h3><table class="result"><tr><th>Exception</th></tr><tr><td><div class="stacktrace">java.lang.RuntimeException: Test skipped due to a detected failure in the overall suite.
	at com.pss.qms.Listners.SuiteFailingInvokedMethodListener.beforeInvocation(SuiteFailingInvokedMethodListener.java:17)
	at java.util.ArrayList.forEach(ArrayList.java:1257)
... Removed 30 stack frames</div></td></tr></table><p class="totop"><a href="#summary">back to summary</a></p>
<h3 id="m117">com.pss.qms.ChangeControlRejection.PostApprovalActionReviewApprove#toPostApprovalActionReview</h3><table class="result"><tr><th>Exception</th></tr><tr><td><div class="stacktrace">java.lang.RuntimeException: Test skipped due to a detected failure in the overall suite.
	at com.pss.qms.Listners.SuiteFailingInvokedMethodListener.beforeInvocation(SuiteFailingInvokedMethodListener.java:17)
	at java.util.ArrayList.forEach(ArrayList.java:1257)
... Removed 26 stack frames</div></td></tr></table><p class="totop"><a href="#summary">back to summary</a></p>
<h3 id="m118">com.pss.qms.ChangeControlRejection.PostApprovalActionsInitiateAfterReject#toPostApprovalActionsInitiateAfterReject</h3><table class="result"><tr><th>Exception</th></tr><tr><td><div class="stacktrace">java.lang.RuntimeException: Test skipped due to a detected failure in the overall suite.
	at com.pss.qms.Listners.SuiteFailingInvokedMethodListener.beforeInvocation(SuiteFailingInvokedMethodListener.java:17)
	at java.util.ArrayList.forEach(ArrayList.java:1257)
... Removed 26 stack frames</div></td></tr></table><p class="totop"><a href="#summary">back to summary</a></p>
<h3 id="m119">com.pss.qms.ChangeControlRejection.PostApprovalActionsReviewReject#toPostApprovalActionsReviewReject</h3><table class="result"><tr><th>Exception</th></tr><tr><td><div class="stacktrace">java.lang.RuntimeException: Test skipped due to a detected failure in the overall suite.
	at com.pss.qms.Listners.SuiteFailingInvokedMethodListener.beforeInvocation(SuiteFailingInvokedMethodListener.java:17)
	at java.util.ArrayList.forEach(ArrayList.java:1257)
... Removed 26 stack frames</div></td></tr></table><p class="totop"><a href="#summary">back to summary</a></p>
<h2>QMSTestSuites suite8</h2><h3 id="m120">com.pss.qms.ChangeControlRejection.ActionItemPerform#setUp</h3><table class="result"><tr><th>Exception</th></tr><tr><td><div class="stacktrace">java.lang.RuntimeException: Test skipped due to a detected failure in the overall suite.
	at com.pss.qms.Listners.SuiteFailingInvokedMethodListener.beforeInvocation(SuiteFailingInvokedMethodListener.java:17)
	at java.util.ArrayList.forEach(ArrayList.java:1257)
... Removed 26 stack frames</div></td></tr></table><p class="totop"><a href="#summary">back to summary</a></p>
<h3 id="m121">com.pss.qms.ChangeControlRejection.ActionItemPerform#tearDown</h3><table class="result"><tr><th>Exception</th></tr><tr><td><div class="stacktrace">java.lang.RuntimeException: Test skipped due to a detected failure in the overall suite.
	at com.pss.qms.Listners.SuiteFailingInvokedMethodListener.beforeInvocation(SuiteFailingInvokedMethodListener.java:17)
	at java.util.ArrayList.forEach(ArrayList.java:1257)
... Removed 25 stack frames</div></td></tr></table><p class="totop"><a href="#summary">back to summary</a></p>
<h3 id="m122">com.pss.qms.ChangeControlRejection.PostApprovalActionRejectApproval#setUp</h3><table class="result"><tr><th>Exception</th></tr><tr><td><div class="stacktrace">java.lang.RuntimeException: Test skipped due to a detected failure in the overall suite.
	at com.pss.qms.Listners.SuiteFailingInvokedMethodListener.beforeInvocation(SuiteFailingInvokedMethodListener.java:17)
	at java.util.ArrayList.forEach(ArrayList.java:1257)
... Removed 26 stack frames</div></td></tr></table><p class="totop"><a href="#summary">back to summary</a></p>
<h3 id="m123">com.pss.qms.ChangeControlRejection.PostApprovalActionRejectApproval#tearDown</h3><table class="result"><tr><th>Exception</th></tr><tr><td><div class="stacktrace">java.lang.RuntimeException: Test skipped due to a detected failure in the overall suite.
	at com.pss.qms.Listners.SuiteFailingInvokedMethodListener.beforeInvocation(SuiteFailingInvokedMethodListener.java:17)
	at java.util.ArrayList.forEach(ArrayList.java:1257)
... Removed 25 stack frames</div></td></tr></table><p class="totop"><a href="#summary">back to summary</a></p>
<h3 id="m124">com.pss.qms.ChangeControlRejection.ActionItemPerform#toActionItemPerform</h3><table class="result"><tr><th>Exception</th></tr><tr><td><div class="stacktrace">java.lang.RuntimeException: Test skipped due to a detected failure in the overall suite.
	at com.pss.qms.Listners.SuiteFailingInvokedMethodListener.beforeInvocation(SuiteFailingInvokedMethodListener.java:17)
	at java.util.ArrayList.forEach(ArrayList.java:1257)
... Removed 30 stack frames</div></td></tr></table><p class="totop"><a href="#summary">back to summary</a></p>
<h3 id="m125">com.pss.qms.ChangeControlRejection.PostApprovalActionRejectApproval#toPostApprovalActionApproval</h3><table class="result"><tr><th>Exception</th></tr><tr><td><div class="stacktrace">java.lang.RuntimeException: Test skipped due to a detected failure in the overall suite.
	at com.pss.qms.Listners.SuiteFailingInvokedMethodListener.beforeInvocation(SuiteFailingInvokedMethodListener.java:17)
	at java.util.ArrayList.forEach(ArrayList.java:1257)
... Removed 30 stack frames</div></td></tr></table><p class="totop"><a href="#summary">back to summary</a></p>
<h3 id="m126">com.pss.qms.ChangeControlRejection.ActionItemPerform#toActionItemPerform</h3><table class="result"><tr><th>Exception</th></tr><tr><td><div class="stacktrace">java.lang.RuntimeException: Test skipped due to a detected failure in the overall suite.
	at com.pss.qms.Listners.SuiteFailingInvokedMethodListener.beforeInvocation(SuiteFailingInvokedMethodListener.java:17)
	at java.util.ArrayList.forEach(ArrayList.java:1257)
... Removed 26 stack frames</div></td></tr></table><p class="totop"><a href="#summary">back to summary</a></p>
<h3 id="m127">com.pss.qms.ChangeControlRejection.PostApprovalActionRejectApproval#toPostApprovalActionApproval</h3><table class="result"><tr><th>Exception</th></tr><tr><td><div class="stacktrace">java.lang.RuntimeException: Test skipped due to a detected failure in the overall suite.
	at com.pss.qms.Listners.SuiteFailingInvokedMethodListener.beforeInvocation(SuiteFailingInvokedMethodListener.java:17)
	at java.util.ArrayList.forEach(ArrayList.java:1257)
... Removed 26 stack frames</div></td></tr></table><p class="totop"><a href="#summary">back to summary</a></p>
<h2>QMSTestSuites suite9</h2><h3 id="m128">com.pss.qms.ChangeControlRejection.ActionItemApproveReject#setUp</h3><table class="result"><tr><th>Exception</th></tr><tr><td><div class="stacktrace">java.lang.RuntimeException: Test skipped due to a detected failure in the overall suite.
	at com.pss.qms.Listners.SuiteFailingInvokedMethodListener.beforeInvocation(SuiteFailingInvokedMethodListener.java:17)
	at java.util.ArrayList.forEach(ArrayList.java:1257)
... Removed 26 stack frames</div></td></tr></table><p class="totop"><a href="#summary">back to summary</a></p>
<h3 id="m129">com.pss.qms.ChangeControlRejection.ActionItemApproveReject#tearDown</h3><table class="result"><tr><th>Exception</th></tr><tr><td><div class="stacktrace">java.lang.RuntimeException: Test skipped due to a detected failure in the overall suite.
	at com.pss.qms.Listners.SuiteFailingInvokedMethodListener.beforeInvocation(SuiteFailingInvokedMethodListener.java:17)
	at java.util.ArrayList.forEach(ArrayList.java:1257)
... Removed 25 stack frames</div></td></tr></table><p class="totop"><a href="#summary">back to summary</a></p>
<h3 id="m130">com.pss.qms.ChangeControlRejection.ActionItemReject#setUp</h3><table class="result"><tr><th>Exception</th></tr><tr><td><div class="stacktrace">java.lang.RuntimeException: Test skipped due to a detected failure in the overall suite.
	at com.pss.qms.Listners.SuiteFailingInvokedMethodListener.beforeInvocation(SuiteFailingInvokedMethodListener.java:17)
	at java.util.ArrayList.forEach(ArrayList.java:1257)
... Removed 26 stack frames</div></td></tr></table><p class="totop"><a href="#summary">back to summary</a></p>
<h3 id="m131">com.pss.qms.ChangeControlRejection.ActionItemReject#tearDown</h3><table class="result"><tr><th>Exception</th></tr><tr><td><div class="stacktrace">java.lang.RuntimeException: Test skipped due to a detected failure in the overall suite.
	at com.pss.qms.Listners.SuiteFailingInvokedMethodListener.beforeInvocation(SuiteFailingInvokedMethodListener.java:17)
	at java.util.ArrayList.forEach(ArrayList.java:1257)
... Removed 25 stack frames</div></td></tr></table><p class="totop"><a href="#summary">back to summary</a></p>
<h3 id="m132">com.pss.qms.ChangeControlRejection.ActionItemRejectApprove#setUp</h3><table class="result"><tr><th>Exception</th></tr><tr><td><div class="stacktrace">java.lang.RuntimeException: Test skipped due to a detected failure in the overall suite.
	at com.pss.qms.Listners.SuiteFailingInvokedMethodListener.beforeInvocation(SuiteFailingInvokedMethodListener.java:17)
	at java.util.ArrayList.forEach(ArrayList.java:1257)
... Removed 26 stack frames</div></td></tr></table><p class="totop"><a href="#summary">back to summary</a></p>
<h3 id="m133">com.pss.qms.ChangeControlRejection.ActionItemRejectApprove#tearDown</h3><table class="result"><tr><th>Exception</th></tr><tr><td><div class="stacktrace">java.lang.RuntimeException: Test skipped due to a detected failure in the overall suite.
	at com.pss.qms.Listners.SuiteFailingInvokedMethodListener.beforeInvocation(SuiteFailingInvokedMethodListener.java:17)
	at java.util.ArrayList.forEach(ArrayList.java:1257)
... Removed 25 stack frames</div></td></tr></table><p class="totop"><a href="#summary">back to summary</a></p>
<h3 id="m134">com.pss.qms.ChangeControlRejection.ActionItemReview#setUp</h3><table class="result"><tr><th>Exception</th></tr><tr><td><div class="stacktrace">java.lang.RuntimeException: Test skipped due to a detected failure in the overall suite.
	at com.pss.qms.Listners.SuiteFailingInvokedMethodListener.beforeInvocation(SuiteFailingInvokedMethodListener.java:17)
	at java.util.ArrayList.forEach(ArrayList.java:1257)
... Removed 26 stack frames</div></td></tr></table><p class="totop"><a href="#summary">back to summary</a></p>
<h3 id="m135">com.pss.qms.ChangeControlRejection.ActionItemReview#tearDown</h3><table class="result"><tr><th>Exception</th></tr><tr><td><div class="stacktrace">java.lang.RuntimeException: Test skipped due to a detected failure in the overall suite.
	at com.pss.qms.Listners.SuiteFailingInvokedMethodListener.beforeInvocation(SuiteFailingInvokedMethodListener.java:17)
	at java.util.ArrayList.forEach(ArrayList.java:1257)
... Removed 25 stack frames</div></td></tr></table><p class="totop"><a href="#summary">back to summary</a></p>
<h3 id="m136">com.pss.qms.ChangeControlRejection.ActionItemApproveReject#toActionItemApproveReject</h3><table class="result"><tr><th>Exception</th></tr><tr><td><div class="stacktrace">java.lang.RuntimeException: Test skipped due to a detected failure in the overall suite.
	at com.pss.qms.Listners.SuiteFailingInvokedMethodListener.beforeInvocation(SuiteFailingInvokedMethodListener.java:17)
	at java.util.ArrayList.forEach(ArrayList.java:1257)
... Removed 30 stack frames</div></td></tr></table><p class="totop"><a href="#summary">back to summary</a></p>
<h3 id="m137">com.pss.qms.ChangeControlRejection.ActionItemReject#toActionItemReject</h3><table class="result"><tr><th>Exception</th></tr><tr><td><div class="stacktrace">java.lang.RuntimeException: Test skipped due to a detected failure in the overall suite.
	at com.pss.qms.Listners.SuiteFailingInvokedMethodListener.beforeInvocation(SuiteFailingInvokedMethodListener.java:17)
	at java.util.ArrayList.forEach(ArrayList.java:1257)
... Removed 30 stack frames</div></td></tr></table><p class="totop"><a href="#summary">back to summary</a></p>
<h3 id="m138">com.pss.qms.ChangeControlRejection.ActionItemRejectApprove#toActionItemRejectApprove</h3><table class="result"><tr><th>Exception</th></tr><tr><td><div class="stacktrace">java.lang.RuntimeException: Test skipped due to a detected failure in the overall suite.
	at com.pss.qms.Listners.SuiteFailingInvokedMethodListener.beforeInvocation(SuiteFailingInvokedMethodListener.java:17)
	at java.util.ArrayList.forEach(ArrayList.java:1257)
... Removed 30 stack frames</div></td></tr></table><p class="totop"><a href="#summary">back to summary</a></p>
<h3 id="m139">com.pss.qms.ChangeControlRejection.ActionItemReview#toActionItemReview</h3><table class="result"><tr><th>Exception</th></tr><tr><td><div class="stacktrace">java.lang.RuntimeException: Test skipped due to a detected failure in the overall suite.
	at com.pss.qms.Listners.SuiteFailingInvokedMethodListener.beforeInvocation(SuiteFailingInvokedMethodListener.java:17)
	at java.util.ArrayList.forEach(ArrayList.java:1257)
... Removed 30 stack frames</div></td></tr></table><p class="totop"><a href="#summary">back to summary</a></p>
<h3 id="m140">com.pss.qms.ChangeControlRejection.ActionItemApproveReject#toActionItemApproveReject</h3><table class="result"><tr><th>Exception</th></tr><tr><td><div class="stacktrace">java.lang.RuntimeException: Test skipped due to a detected failure in the overall suite.
	at com.pss.qms.Listners.SuiteFailingInvokedMethodListener.beforeInvocation(SuiteFailingInvokedMethodListener.java:17)
	at java.util.ArrayList.forEach(ArrayList.java:1257)
... Removed 26 stack frames</div></td></tr></table><p class="totop"><a href="#summary">back to summary</a></p>
<h3 id="m141">com.pss.qms.ChangeControlRejection.ActionItemReject#toActionItemReject</h3><table class="result"><tr><th>Exception</th></tr><tr><td><div class="stacktrace">java.lang.RuntimeException: Test skipped due to a detected failure in the overall suite.
	at com.pss.qms.Listners.SuiteFailingInvokedMethodListener.beforeInvocation(SuiteFailingInvokedMethodListener.java:17)
	at java.util.ArrayList.forEach(ArrayList.java:1257)
... Removed 26 stack frames</div></td></tr></table><p class="totop"><a href="#summary">back to summary</a></p>
<h3 id="m142">com.pss.qms.ChangeControlRejection.ActionItemRejectApprove#toActionItemRejectApprove</h3><table class="result"><tr><th>Exception</th></tr><tr><td><div class="stacktrace">java.lang.RuntimeException: Test skipped due to a detected failure in the overall suite.
	at com.pss.qms.Listners.SuiteFailingInvokedMethodListener.beforeInvocation(SuiteFailingInvokedMethodListener.java:17)
	at java.util.ArrayList.forEach(ArrayList.java:1257)
... Removed 26 stack frames</div></td></tr></table><p class="totop"><a href="#summary">back to summary</a></p>
<h3 id="m143">com.pss.qms.ChangeControlRejection.ActionItemReview#toActionItemReview</h3><table class="result"><tr><th>Exception</th></tr><tr><td><div class="stacktrace">java.lang.RuntimeException: Test skipped due to a detected failure in the overall suite.
	at com.pss.qms.Listners.SuiteFailingInvokedMethodListener.beforeInvocation(SuiteFailingInvokedMethodListener.java:17)
	at java.util.ArrayList.forEach(ArrayList.java:1257)
... Removed 26 stack frames</div></td></tr></table><p class="totop"><a href="#summary">back to summary</a></p>
<h2>QMSTestSuites suite10</h2><h3 id="m144">com.pss.qms.ChangeControlRejection.ActionItemApprove#setUp</h3><table class="result"><tr><th>Exception</th></tr><tr><td><div class="stacktrace">java.lang.RuntimeException: Test skipped due to a detected failure in the overall suite.
	at com.pss.qms.Listners.SuiteFailingInvokedMethodListener.beforeInvocation(SuiteFailingInvokedMethodListener.java:17)
	at java.util.ArrayList.forEach(ArrayList.java:1257)
... Removed 26 stack frames</div></td></tr></table><p class="totop"><a href="#summary">back to summary</a></p>
<h3 id="m145">com.pss.qms.ChangeControlRejection.ActionItemApprove#tearDown</h3><table class="result"><tr><th>Exception</th></tr><tr><td><div class="stacktrace">java.lang.RuntimeException: Test skipped due to a detected failure in the overall suite.
	at com.pss.qms.Listners.SuiteFailingInvokedMethodListener.beforeInvocation(SuiteFailingInvokedMethodListener.java:17)
	at java.util.ArrayList.forEach(ArrayList.java:1257)
... Removed 25 stack frames</div></td></tr></table><p class="totop"><a href="#summary">back to summary</a></p>
<h3 id="m146">com.pss.qms.ChangeControlRejection.ActionItemPerformAfterRejectAtApprove#setUp</h3><table class="result"><tr><th>Exception</th></tr><tr><td><div class="stacktrace">java.lang.RuntimeException: Test skipped due to a detected failure in the overall suite.
	at com.pss.qms.Listners.SuiteFailingInvokedMethodListener.beforeInvocation(SuiteFailingInvokedMethodListener.java:17)
	at java.util.ArrayList.forEach(ArrayList.java:1257)
... Removed 26 stack frames</div></td></tr></table><p class="totop"><a href="#summary">back to summary</a></p>
<h3 id="m147">com.pss.qms.ChangeControlRejection.ActionItemPerformAfterRejectAtApprove#tearDown</h3><table class="result"><tr><th>Exception</th></tr><tr><td><div class="stacktrace">java.lang.RuntimeException: Test skipped due to a detected failure in the overall suite.
	at com.pss.qms.Listners.SuiteFailingInvokedMethodListener.beforeInvocation(SuiteFailingInvokedMethodListener.java:17)
	at java.util.ArrayList.forEach(ArrayList.java:1257)
... Removed 25 stack frames</div></td></tr></table><p class="totop"><a href="#summary">back to summary</a></p>
<h3 id="m148">com.pss.qms.ChangeControlRejection.ActionItemReview#setUp</h3><table class="result"><tr><th>Exception</th></tr><tr><td><div class="stacktrace">java.lang.RuntimeException: Test skipped due to a detected failure in the overall suite.
	at com.pss.qms.Listners.SuiteFailingInvokedMethodListener.beforeInvocation(SuiteFailingInvokedMethodListener.java:17)
	at java.util.ArrayList.forEach(ArrayList.java:1257)
... Removed 26 stack frames</div></td></tr></table><p class="totop"><a href="#summary">back to summary</a></p>
<h3 id="m149">com.pss.qms.ChangeControlRejection.ActionItemReview#tearDown</h3><table class="result"><tr><th>Exception</th></tr><tr><td><div class="stacktrace">java.lang.RuntimeException: Test skipped due to a detected failure in the overall suite.
	at com.pss.qms.Listners.SuiteFailingInvokedMethodListener.beforeInvocation(SuiteFailingInvokedMethodListener.java:17)
	at java.util.ArrayList.forEach(ArrayList.java:1257)
... Removed 25 stack frames</div></td></tr></table><p class="totop"><a href="#summary">back to summary</a></p>
<h3 id="m150">com.pss.qms.ChangeControlRejection.ClosureApproveReject#setUp</h3><table class="result"><tr><th>Exception</th></tr><tr><td><div class="stacktrace">java.lang.RuntimeException: Test skipped due to a detected failure in the overall suite.
	at com.pss.qms.Listners.SuiteFailingInvokedMethodListener.beforeInvocation(SuiteFailingInvokedMethodListener.java:17)
	at java.util.ArrayList.forEach(ArrayList.java:1257)
... Removed 26 stack frames</div></td></tr></table><p class="totop"><a href="#summary">back to summary</a></p>
<h3 id="m151">com.pss.qms.ChangeControlRejection.ClosureApproveReject#tearDown</h3><table class="result"><tr><th>Exception</th></tr><tr><td><div class="stacktrace">java.lang.RuntimeException: Test skipped due to a detected failure in the overall suite.
	at com.pss.qms.Listners.SuiteFailingInvokedMethodListener.beforeInvocation(SuiteFailingInvokedMethodListener.java:17)
	at java.util.ArrayList.forEach(ArrayList.java:1257)
... Removed 25 stack frames</div></td></tr></table><p class="totop"><a href="#summary">back to summary</a></p>
<h3 id="m152">com.pss.qms.ChangeControlRejection.ClosureReview#setUp</h3><table class="result"><tr><th>Exception</th></tr><tr><td><div class="stacktrace">java.lang.RuntimeException: Test skipped due to a detected failure in the overall suite.
	at com.pss.qms.Listners.SuiteFailingInvokedMethodListener.beforeInvocation(SuiteFailingInvokedMethodListener.java:17)
	at java.util.ArrayList.forEach(ArrayList.java:1257)
... Removed 26 stack frames</div></td></tr></table><p class="totop"><a href="#summary">back to summary</a></p>
<h3 id="m153">com.pss.qms.ChangeControlRejection.ClosureReview#tearDown</h3><table class="result"><tr><th>Exception</th></tr><tr><td><div class="stacktrace">java.lang.RuntimeException: Test skipped due to a detected failure in the overall suite.
	at com.pss.qms.Listners.SuiteFailingInvokedMethodListener.beforeInvocation(SuiteFailingInvokedMethodListener.java:17)
	at java.util.ArrayList.forEach(ArrayList.java:1257)
... Removed 25 stack frames</div></td></tr></table><p class="totop"><a href="#summary">back to summary</a></p>
<h3 id="m154">com.pss.qms.ChangeControlRejection.ActionItemApprove#toActionItemApprove</h3><table class="result"><tr><th>Exception</th></tr><tr><td><div class="stacktrace">java.lang.RuntimeException: Test skipped due to a detected failure in the overall suite.
	at com.pss.qms.Listners.SuiteFailingInvokedMethodListener.beforeInvocation(SuiteFailingInvokedMethodListener.java:17)
	at java.util.ArrayList.forEach(ArrayList.java:1257)
... Removed 30 stack frames</div></td></tr></table><p class="totop"><a href="#summary">back to summary</a></p>
<h3 id="m155">com.pss.qms.ChangeControlRejection.ActionItemPerformAfterRejectAtApprove#toActionItemPerform</h3><table class="result"><tr><th>Exception</th></tr><tr><td><div class="stacktrace">java.lang.RuntimeException: Test skipped due to a detected failure in the overall suite.
	at com.pss.qms.Listners.SuiteFailingInvokedMethodListener.beforeInvocation(SuiteFailingInvokedMethodListener.java:17)
	at java.util.ArrayList.forEach(ArrayList.java:1257)
... Removed 30 stack frames</div></td></tr></table><p class="totop"><a href="#summary">back to summary</a></p>
<h3 id="m156">com.pss.qms.ChangeControlRejection.ActionItemReview#toActionItemReview</h3><table class="result"><tr><th>Exception</th></tr><tr><td><div class="stacktrace">java.lang.RuntimeException: Test skipped due to a detected failure in the overall suite.
	at com.pss.qms.Listners.SuiteFailingInvokedMethodListener.beforeInvocation(SuiteFailingInvokedMethodListener.java:17)
	at java.util.ArrayList.forEach(ArrayList.java:1257)
... Removed 30 stack frames</div></td></tr></table><p class="totop"><a href="#summary">back to summary</a></p>
<h3 id="m157">com.pss.qms.ChangeControlRejection.ClosureApproveReject#toClosureApproveReject</h3><table class="result"><tr><th>Exception</th></tr><tr><td><div class="stacktrace">java.lang.RuntimeException: Test skipped due to a detected failure in the overall suite.
	at com.pss.qms.Listners.SuiteFailingInvokedMethodListener.beforeInvocation(SuiteFailingInvokedMethodListener.java:17)
	at java.util.ArrayList.forEach(ArrayList.java:1257)
... Removed 30 stack frames</div></td></tr></table><p class="totop"><a href="#summary">back to summary</a></p>
<h3 id="m158">com.pss.qms.ChangeControlRejection.ClosureReview#toCCClosureReview</h3><table class="result"><tr><th>Exception</th></tr><tr><td><div class="stacktrace">java.lang.RuntimeException: Test skipped due to a detected failure in the overall suite.
	at com.pss.qms.Listners.SuiteFailingInvokedMethodListener.beforeInvocation(SuiteFailingInvokedMethodListener.java:17)
	at java.util.ArrayList.forEach(ArrayList.java:1257)
... Removed 30 stack frames</div></td></tr></table><p class="totop"><a href="#summary">back to summary</a></p>
<h3 id="m159">com.pss.qms.ChangeControlRejection.ActionItemApprove#toActionItemApprove</h3><table class="result"><tr><th>Exception</th></tr><tr><td><div class="stacktrace">java.lang.RuntimeException: Test skipped due to a detected failure in the overall suite.
	at com.pss.qms.Listners.SuiteFailingInvokedMethodListener.beforeInvocation(SuiteFailingInvokedMethodListener.java:17)
	at java.util.ArrayList.forEach(ArrayList.java:1257)
... Removed 26 stack frames</div></td></tr></table><p class="totop"><a href="#summary">back to summary</a></p>
<h3 id="m160">com.pss.qms.ChangeControlRejection.ActionItemPerformAfterRejectAtApprove#toActionItemPerform</h3><table class="result"><tr><th>Exception</th></tr><tr><td><div class="stacktrace">java.lang.RuntimeException: Test skipped due to a detected failure in the overall suite.
	at com.pss.qms.Listners.SuiteFailingInvokedMethodListener.beforeInvocation(SuiteFailingInvokedMethodListener.java:17)
	at java.util.ArrayList.forEach(ArrayList.java:1257)
... Removed 26 stack frames</div></td></tr></table><p class="totop"><a href="#summary">back to summary</a></p>
<h3 id="m161">com.pss.qms.ChangeControlRejection.ActionItemReview#toActionItemReview</h3><table class="result"><tr><th>Exception</th></tr><tr><td><div class="stacktrace">java.lang.RuntimeException: Test skipped due to a detected failure in the overall suite.
	at com.pss.qms.Listners.SuiteFailingInvokedMethodListener.beforeInvocation(SuiteFailingInvokedMethodListener.java:17)
	at java.util.ArrayList.forEach(ArrayList.java:1257)
... Removed 26 stack frames</div></td></tr></table><p class="totop"><a href="#summary">back to summary</a></p>
<h3 id="m162">com.pss.qms.ChangeControlRejection.ClosureApproveReject#toClosureApproveReject</h3><table class="result"><tr><th>Exception</th></tr><tr><td><div class="stacktrace">java.lang.RuntimeException: Test skipped due to a detected failure in the overall suite.
	at com.pss.qms.Listners.SuiteFailingInvokedMethodListener.beforeInvocation(SuiteFailingInvokedMethodListener.java:17)
	at java.util.ArrayList.forEach(ArrayList.java:1257)
... Removed 26 stack frames</div></td></tr></table><p class="totop"><a href="#summary">back to summary</a></p>
<h3 id="m163">com.pss.qms.ChangeControlRejection.ClosureReview#toCCClosureReview</h3><table class="result"><tr><th>Exception</th></tr><tr><td><div class="stacktrace">java.lang.RuntimeException: Test skipped due to a detected failure in the overall suite.
	at com.pss.qms.Listners.SuiteFailingInvokedMethodListener.beforeInvocation(SuiteFailingInvokedMethodListener.java:17)
	at java.util.ArrayList.forEach(ArrayList.java:1257)
... Removed 26 stack frames</div></td></tr></table><p class="totop"><a href="#summary">back to summary</a></p>
<h2>QMSTestSuites suite11</h2><h3 id="m164">com.pss.qms.ChangeControlRejection.ClosureApprove#setUp</h3><table class="result"><tr><th>Exception</th></tr><tr><td><div class="stacktrace">java.lang.RuntimeException: Test skipped due to a detected failure in the overall suite.
	at com.pss.qms.Listners.SuiteFailingInvokedMethodListener.beforeInvocation(SuiteFailingInvokedMethodListener.java:17)
	at java.util.ArrayList.forEach(ArrayList.java:1257)
... Removed 26 stack frames</div></td></tr></table><p class="totop"><a href="#summary">back to summary</a></p>
<h3 id="m165">com.pss.qms.ChangeControlRejection.ClosureApprove#tearDown</h3><table class="result"><tr><th>Exception</th></tr><tr><td><div class="stacktrace">java.lang.RuntimeException: Test skipped due to a detected failure in the overall suite.
	at com.pss.qms.Listners.SuiteFailingInvokedMethodListener.beforeInvocation(SuiteFailingInvokedMethodListener.java:17)
	at java.util.ArrayList.forEach(ArrayList.java:1257)
... Removed 25 stack frames</div></td></tr></table><p class="totop"><a href="#summary">back to summary</a></p>
<h3 id="m166">com.pss.qms.ChangeControlRejection.ClosureReview#setUp</h3><table class="result"><tr><th>Exception</th></tr><tr><td><div class="stacktrace">java.lang.RuntimeException: Test skipped due to a detected failure in the overall suite.
	at com.pss.qms.Listners.SuiteFailingInvokedMethodListener.beforeInvocation(SuiteFailingInvokedMethodListener.java:17)
	at java.util.ArrayList.forEach(ArrayList.java:1257)
... Removed 26 stack frames</div></td></tr></table><p class="totop"><a href="#summary">back to summary</a></p>
<h3 id="m167">com.pss.qms.ChangeControlRejection.ClosureReview#tearDown</h3><table class="result"><tr><th>Exception</th></tr><tr><td><div class="stacktrace">java.lang.RuntimeException: Test skipped due to a detected failure in the overall suite.
	at com.pss.qms.Listners.SuiteFailingInvokedMethodListener.beforeInvocation(SuiteFailingInvokedMethodListener.java:17)
	at java.util.ArrayList.forEach(ArrayList.java:1257)
... Removed 25 stack frames</div></td></tr></table><p class="totop"><a href="#summary">back to summary</a></p>
<h3 id="m168">com.pss.qms.ChangeControlRejection.ClosureApprove#toCCClosureApprove</h3><table class="result"><tr><th>Exception</th></tr><tr><td><div class="stacktrace">java.lang.RuntimeException: Test skipped due to a detected failure in the overall suite.
	at com.pss.qms.Listners.SuiteFailingInvokedMethodListener.beforeInvocation(SuiteFailingInvokedMethodListener.java:17)
	at java.util.ArrayList.forEach(ArrayList.java:1257)
... Removed 30 stack frames</div></td></tr></table><p class="totop"><a href="#summary">back to summary</a></p>
<h3 id="m169">com.pss.qms.ChangeControlRejection.ClosureReview#toCCClosureReview</h3><table class="result"><tr><th>Exception</th></tr><tr><td><div class="stacktrace">java.lang.RuntimeException: Test skipped due to a detected failure in the overall suite.
	at com.pss.qms.Listners.SuiteFailingInvokedMethodListener.beforeInvocation(SuiteFailingInvokedMethodListener.java:17)
	at java.util.ArrayList.forEach(ArrayList.java:1257)
... Removed 30 stack frames</div></td></tr></table><p class="totop"><a href="#summary">back to summary</a></p>
<h3 id="m170">com.pss.qms.ChangeControlRejection.ClosureApprove#toCCClosureApprove</h3><table class="result"><tr><th>Exception</th></tr><tr><td><div class="stacktrace">java.lang.RuntimeException: Test skipped due to a detected failure in the overall suite.
	at com.pss.qms.Listners.SuiteFailingInvokedMethodListener.beforeInvocation(SuiteFailingInvokedMethodListener.java:17)
	at java.util.ArrayList.forEach(ArrayList.java:1257)
... Removed 26 stack frames</div></td></tr></table><p class="totop"><a href="#summary">back to summary</a></p>
<h3 id="m171">com.pss.qms.ChangeControlRejection.ClosureReview#toCCClosureReview</h3><table class="result"><tr><th>Exception</th></tr><tr><td><div class="stacktrace">java.lang.RuntimeException: Test skipped due to a detected failure in the overall suite.
	at com.pss.qms.Listners.SuiteFailingInvokedMethodListener.beforeInvocation(SuiteFailingInvokedMethodListener.java:17)
	at java.util.ArrayList.forEach(ArrayList.java:1257)
... Removed 26 stack frames</div></td></tr></table><p class="totop"><a href="#summary">back to summary</a></p>
</body>
</html>
