-------------------------------------------------------------------------------
Test set: TestSuite
-------------------------------------------------------------------------------
Tests run: 129, Failures: 129, Errors: 0, Skipped: 0, Time elapsed: 6.365 s <<< FAILURE! - in TestSuite
com.pss.qms.ChangeControlRejection.CCInitiation.setUp  Time elapsed: 4.881 s  <<< FAILURE!
org.openqa.selenium.SessionNotCreatedException: 
session not created: This version of ChromeDriver only supports Chrome version 98
Current browser version is 100.0.4896.127 with binary path C:\Program Files (x86)\Google\Chrome\Application\chrome.exe
Build info: version: '3.141.59', revision: 'e82be7d358', time: '2018-11-14T08:17:03'
System info: host: 'DESKTOP-SKPPPFG', ip: '192.168.0.100', os.name: 'Windows 10', os.arch: 'amd64', os.version: '10.0', java.version: '1.8.0_221'
Driver info: driver.version: ChromeDriver
remote stacktrace: Backtrace:
	Ordinal0 [0x01337AC3+2587331]
	Ordinal0 [0x012CADD1+2141649]
	Ordinal0 [0x011C3BB8+1063864]
	Ordinal0 [0x011E3638+1193528]
	Ordinal0 [0x011DF4B5+1176757]
	Ordinal0 [0x011DCC51+1166417]
	Ordinal0 [0x0120D12F+1364271]
	Ordinal0 [0x0120CD5A+1363290]
	Ordinal0 [0x012084A6+1344678]
	Ordinal0 [0x011E53F6+1201142]
	Ordinal0 [0x011E62E6+1204966]
	GetHandleVerifier [0x014DDF22+1680738]
	GetHandleVerifier [0x01590DBC+2413564]
	GetHandleVerifier [0x013CD151+563089]
	GetHandleVerifier [0x013CBF13+558419]
	Ordinal0 [0x012D081E+2164766]
	Ordinal0 [0x012D5508+2184456]
	Ordinal0 [0x012D5650+2184784]
	Ordinal0 [0x012DF5BC+2225596]
	BaseThreadInitThunk [0x777662C4+36]
	RtlSubscribeWnfStateChangeNotification [0x779E0FD9+1081]
	RtlSubscribeWnfStateChangeNotification [0x779E0FA4+1028]


com.pss.qms.ChangeControlRejection.CCInitiation.toCCInitiation  Time elapsed: 0.016 s  <<< FAILURE!
java.lang.RuntimeException: Test skipped due to a detected failure in the overall suite.

com.pss.qms.ChangeControlRejection.CCInitiation.tearDown  Time elapsed: 0.016 s  <<< FAILURE!
java.lang.RuntimeException: Test skipped due to a detected failure in the overall suite.

com.pss.qms.ChangeControlRejection.DeptReviewerReject.setUp  Time elapsed: 0.016 s  <<< FAILURE!
java.lang.RuntimeException: Test skipped due to a detected failure in the overall suite.

com.pss.qms.ChangeControlRejection.DeptReviewerReject.toDeptReviewerReject  Time elapsed: 0.015 s  <<< FAILURE!
java.lang.RuntimeException: Test skipped due to a detected failure in the overall suite.

com.pss.qms.ChangeControlRejection.DeptReviewerReject.tearDown  Time elapsed: 0.015 s  <<< FAILURE!
java.lang.RuntimeException: Test skipped due to a detected failure in the overall suite.

com.pss.qms.ChangeControlRejection.ReInitiateDocument.setUp  Time elapsed: 0.015 s  <<< FAILURE!
java.lang.RuntimeException: Test skipped due to a detected failure in the overall suite.

com.pss.qms.ChangeControlRejection.ReInitiateDocument.toReInitiateDocument  Time elapsed: 0 s  <<< FAILURE!
java.lang.RuntimeException: Test skipped due to a detected failure in the overall suite.

com.pss.qms.ChangeControlRejection.ReInitiateDocument.tearDown  Time elapsed: 0 s  <<< FAILURE!
java.lang.RuntimeException: Test skipped due to a detected failure in the overall suite.

com.pss.qms.ChangeControlRejection.DeptReviewerApprove.setUp  Time elapsed: 0 s  <<< FAILURE!
java.lang.RuntimeException: Test skipped due to a detected failure in the overall suite.

com.pss.qms.ChangeControlRejection.DeptReviewerApprove.toDeptReviewerApprove  Time elapsed: 0.016 s  <<< FAILURE!
java.lang.RuntimeException: Test skipped due to a detected failure in the overall suite.

com.pss.qms.ChangeControlRejection.DeptReviewerApprove.tearDown  Time elapsed: 0.016 s  <<< FAILURE!
java.lang.RuntimeException: Test skipped due to a detected failure in the overall suite.

com.pss.qms.ChangeControlRejection.QAReviewReject.setUp  Time elapsed: 0.016 s  <<< FAILURE!
java.lang.RuntimeException: Test skipped due to a detected failure in the overall suite.

com.pss.qms.ChangeControlRejection.QAReviewReject.toQAReviewReject  Time elapsed: 0.015 s  <<< FAILURE!
java.lang.RuntimeException: Test skipped due to a detected failure in the overall suite.

com.pss.qms.ChangeControlRejection.QAReviewReject.tearDown  Time elapsed: 0.015 s  <<< FAILURE!
java.lang.RuntimeException: Test skipped due to a detected failure in the overall suite.

com.pss.qms.ChangeControlRejection.ReInitiateDocument.setUp  Time elapsed: 0.219 s  <<< FAILURE!
java.lang.RuntimeException: Test skipped due to a detected failure in the overall suite.

com.pss.qms.ChangeControlRejection.ReInitiateDocument.toReInitiateDocument  Time elapsed: 0 s  <<< FAILURE!
java.lang.RuntimeException: Test skipped due to a detected failure in the overall suite.

com.pss.qms.ChangeControlRejection.ReInitiateDocument.tearDown  Time elapsed: 0 s  <<< FAILURE!
java.lang.RuntimeException: Test skipped due to a detected failure in the overall suite.

com.pss.qms.ChangeControlRejection.DeptReReview.setUp  Time elapsed: 0 s  <<< FAILURE!
java.lang.RuntimeException: Test skipped due to a detected failure in the overall suite.

com.pss.qms.ChangeControlRejection.DeptReReview.toDeptReReview  Time elapsed: 0 s  <<< FAILURE!
java.lang.RuntimeException: Test skipped due to a detected failure in the overall suite.

com.pss.qms.ChangeControlRejection.DeptReReview.tearDown  Time elapsed: 0 s  <<< FAILURE!
java.lang.RuntimeException: Test skipped due to a detected failure in the overall suite.

com.pss.qms.ChangeControlRejection.QAReviewApproveAfterReject.setUp  Time elapsed: 0 s  <<< FAILURE!
java.lang.RuntimeException: Test skipped due to a detected failure in the overall suite.

com.pss.qms.ChangeControlRejection.QAReviewApproveAfterReject.toQAReviewerCC  Time elapsed: 0 s  <<< FAILURE!
java.lang.RuntimeException: Test skipped due to a detected failure in the overall suite.

com.pss.qms.ChangeControlRejection.QAReviewApproveAfterReject.tearDown  Time elapsed: 0 s  <<< FAILURE!
java.lang.RuntimeException: Test skipped due to a detected failure in the overall suite.

com.pss.qms.ChangeControlRejection.CFTReviewReject.setUp  Time elapsed: 0 s  <<< FAILURE!
java.lang.RuntimeException: Test skipped due to a detected failure in the overall suite.

com.pss.qms.ChangeControlRejection.CFTReviewReject.toCFTReviewReject  Time elapsed: 0.016 s  <<< FAILURE!
java.lang.RuntimeException: Test skipped due to a detected failure in the overall suite.

com.pss.qms.ChangeControlRejection.CFTReviewReject.tearDown  Time elapsed: 0.016 s  <<< FAILURE!
java.lang.RuntimeException: Test skipped due to a detected failure in the overall suite.

com.pss.qms.ChangeControlRejection.QAReviewerAfterCFTReject.setUp  Time elapsed: 0.016 s  <<< FAILURE!
java.lang.RuntimeException: Test skipped due to a detected failure in the overall suite.

com.pss.qms.ChangeControlRejection.QAReviewerAfterCFTReject.toQAReviewerAfterCFTReject  Time elapsed: 0 s  <<< FAILURE!
java.lang.RuntimeException: Test skipped due to a detected failure in the overall suite.

com.pss.qms.ChangeControlRejection.QAReviewerAfterCFTReject.tearDown  Time elapsed: 0 s  <<< FAILURE!
java.lang.RuntimeException: Test skipped due to a detected failure in the overall suite.

com.pss.qms.ChangeControlRejection.CFTReviewApprove.setUp  Time elapsed: 0.109 s  <<< FAILURE!
java.lang.RuntimeException: Test skipped due to a detected failure in the overall suite.

com.pss.qms.ChangeControlRejection.CFTReviewApprove.toCFTReviewApprove  Time elapsed: 0.016 s  <<< FAILURE!
java.lang.RuntimeException: Test skipped due to a detected failure in the overall suite.

com.pss.qms.ChangeControlRejection.CFTReviewApprove.tearDown  Time elapsed: 0.016 s  <<< FAILURE!
java.lang.RuntimeException: Test skipped due to a detected failure in the overall suite.

com.pss.qms.ChangeControlRejection.RegReviewerReject.setUp  Time elapsed: 0.016 s  <<< FAILURE!
java.lang.RuntimeException: Test skipped due to a detected failure in the overall suite.

com.pss.qms.ChangeControlRejection.RegReviewerReject.toRegReviewerReject  Time elapsed: 0 s  <<< FAILURE!
java.lang.RuntimeException: Test skipped due to a detected failure in the overall suite.

com.pss.qms.ChangeControlRejection.RegReviewerReject.tearDown  Time elapsed: 0 s  <<< FAILURE!
java.lang.RuntimeException: Test skipped due to a detected failure in the overall suite.

com.pss.qms.ChangeControlRejection.QAReviewerAfterCFTReject.setUp  Time elapsed: 0 s  <<< FAILURE!
java.lang.RuntimeException: Test skipped due to a detected failure in the overall suite.

com.pss.qms.ChangeControlRejection.QAReviewerAfterCFTReject.toQAReviewerAfterCFTReject  Time elapsed: 0 s  <<< FAILURE!
java.lang.RuntimeException: Test skipped due to a detected failure in the overall suite.

com.pss.qms.ChangeControlRejection.QAReviewerAfterCFTReject.tearDown  Time elapsed: 0 s  <<< FAILURE!
java.lang.RuntimeException: Test skipped due to a detected failure in the overall suite.

com.pss.qms.ChangeControlRejection.CFTReviewApprove.setUp  Time elapsed: 0.094 s  <<< FAILURE!
java.lang.RuntimeException: Test skipped due to a detected failure in the overall suite.

com.pss.qms.ChangeControlRejection.CFTReviewApprove.toCFTReviewApprove  Time elapsed: 0 s  <<< FAILURE!
java.lang.RuntimeException: Test skipped due to a detected failure in the overall suite.

com.pss.qms.ChangeControlRejection.CFTReviewApprove.tearDown  Time elapsed: 0 s  <<< FAILURE!
java.lang.RuntimeException: Test skipped due to a detected failure in the overall suite.

com.pss.qms.ChangeControlRejection.RegReviewerApprove.setUp  Time elapsed: 0 s  <<< FAILURE!
java.lang.RuntimeException: Test skipped due to a detected failure in the overall suite.

com.pss.qms.ChangeControlRejection.RegReviewerApprove.toRegReviewerApprove  Time elapsed: 0 s  <<< FAILURE!
java.lang.RuntimeException: Test skipped due to a detected failure in the overall suite.

com.pss.qms.ChangeControlRejection.RegReviewerApprove.tearDown  Time elapsed: 0 s  <<< FAILURE!
java.lang.RuntimeException: Test skipped due to a detected failure in the overall suite.

com.pss.qms.ChangeControlRejection.CustomerNotification.setUp  Time elapsed: 0 s  <<< FAILURE!
java.lang.RuntimeException: Test skipped due to a detected failure in the overall suite.

com.pss.qms.ChangeControlRejection.CustomerNotification.toCustomerNotification  Time elapsed: 0.015 s  <<< FAILURE!
java.lang.RuntimeException: Test skipped due to a detected failure in the overall suite.

com.pss.qms.ChangeControlRejection.CustomerNotification.tearDown  Time elapsed: 0.015 s  <<< FAILURE!
java.lang.RuntimeException: Test skipped due to a detected failure in the overall suite.

com.pss.qms.ChangeControlRejection.CustomerResponseReject.setUp  Time elapsed: 0.015 s  <<< FAILURE!
java.lang.RuntimeException: Test skipped due to a detected failure in the overall suite.

com.pss.qms.ChangeControlRejection.CustomerResponseReject.toReviewCCCustomerResponseReject  Time elapsed: 0 s  <<< FAILURE!
java.lang.RuntimeException: Test skipped due to a detected failure in the overall suite.

com.pss.qms.ChangeControlRejection.CustomerResponseReject.tearDown  Time elapsed: 0 s  <<< FAILURE!
java.lang.RuntimeException: Test skipped due to a detected failure in the overall suite.

com.pss.qms.ChangeControlRejection.QAReviewAfterCustomerReject.setUp  Time elapsed: 0 s  <<< FAILURE!
java.lang.RuntimeException: Test skipped due to a detected failure in the overall suite.

com.pss.qms.ChangeControlRejection.QAReviewAfterCustomerReject.toQAReviewAfterCustomerReject  Time elapsed: 0 s  <<< FAILURE!
java.lang.RuntimeException: Test skipped due to a detected failure in the overall suite.

com.pss.qms.ChangeControlRejection.QAReviewAfterCustomerReject.tearDown  Time elapsed: 0 s  <<< FAILURE!
java.lang.RuntimeException: Test skipped due to a detected failure in the overall suite.

com.pss.qms.ChangeControlRejection.CFTReviewApprove.setUp  Time elapsed: 0.078 s  <<< FAILURE!
java.lang.RuntimeException: Test skipped due to a detected failure in the overall suite.

com.pss.qms.ChangeControlRejection.CFTReviewApprove.toCFTReviewApprove  Time elapsed: 0 s  <<< FAILURE!
java.lang.RuntimeException: Test skipped due to a detected failure in the overall suite.

com.pss.qms.ChangeControlRejection.CFTReviewApprove.tearDown  Time elapsed: 0 s  <<< FAILURE!
java.lang.RuntimeException: Test skipped due to a detected failure in the overall suite.

com.pss.qms.ChangeControlRejection.RegReviewerApprove.setUp  Time elapsed: 0 s  <<< FAILURE!
java.lang.RuntimeException: Test skipped due to a detected failure in the overall suite.

com.pss.qms.ChangeControlRejection.RegReviewerApprove.toRegReviewerApprove  Time elapsed: 0 s  <<< FAILURE!
java.lang.RuntimeException: Test skipped due to a detected failure in the overall suite.

com.pss.qms.ChangeControlRejection.RegReviewerApprove.tearDown  Time elapsed: 0 s  <<< FAILURE!
java.lang.RuntimeException: Test skipped due to a detected failure in the overall suite.

com.pss.qms.ChangeControlRejection.CustomerNotification.setUp  Time elapsed: 0 s  <<< FAILURE!
java.lang.RuntimeException: Test skipped due to a detected failure in the overall suite.

com.pss.qms.ChangeControlRejection.CustomerNotification.toCustomerNotification  Time elapsed: 0.016 s  <<< FAILURE!
java.lang.RuntimeException: Test skipped due to a detected failure in the overall suite.

com.pss.qms.ChangeControlRejection.CustomerNotification.tearDown  Time elapsed: 0.016 s  <<< FAILURE!
java.lang.RuntimeException: Test skipped due to a detected failure in the overall suite.

com.pss.qms.ChangeControlRejection.CustomerResponse.setUp  Time elapsed: 0.016 s  <<< FAILURE!
java.lang.RuntimeException: Test skipped due to a detected failure in the overall suite.

com.pss.qms.ChangeControlRejection.CustomerResponse.toCustomerResponse  Time elapsed: 0 s  <<< FAILURE!
java.lang.RuntimeException: Test skipped due to a detected failure in the overall suite.

com.pss.qms.ChangeControlRejection.CustomerResponse.tearDown  Time elapsed: 0 s  <<< FAILURE!
java.lang.RuntimeException: Test skipped due to a detected failure in the overall suite.

com.pss.qms.ChangeControlRejection.QAReviewWithoutCFT.setUp  Time elapsed: 0 s  <<< FAILURE!
java.lang.RuntimeException: Test skipped due to a detected failure in the overall suite.

com.pss.qms.ChangeControlRejection.QAReviewWithoutCFT.toQAReviewWithoutCFT  Time elapsed: 0 s  <<< FAILURE!
java.lang.RuntimeException: Test skipped due to a detected failure in the overall suite.

com.pss.qms.ChangeControlRejection.QAReviewWithoutCFT.tearDown  Time elapsed: 0 s  <<< FAILURE!
java.lang.RuntimeException: Test skipped due to a detected failure in the overall suite.

com.pss.qms.ChangeControlRejection.QAApproveReject.setUp  Time elapsed: 0 s  <<< FAILURE!
java.lang.RuntimeException: Test skipped due to a detected failure in the overall suite.

com.pss.qms.ChangeControlRejection.QAApproveReject.toQAApproveReject  Time elapsed: 0 s  <<< FAILURE!
java.lang.RuntimeException: Test skipped due to a detected failure in the overall suite.

com.pss.qms.ChangeControlRejection.QAApproveReject.tearDown  Time elapsed: 0 s  <<< FAILURE!
java.lang.RuntimeException: Test skipped due to a detected failure in the overall suite.

com.pss.qms.ChangeControlRejection.QAReviewAfterApproveReject.setUp  Time elapsed: 0.094 s  <<< FAILURE!
java.lang.RuntimeException: Test skipped due to a detected failure in the overall suite.

com.pss.qms.ChangeControlRejection.QAReviewAfterApproveReject.toQAReviewAfterApproveReject  Time elapsed: 0 s  <<< FAILURE!
java.lang.RuntimeException: Test skipped due to a detected failure in the overall suite.

com.pss.qms.ChangeControlRejection.QAReviewAfterApproveReject.tearDown  Time elapsed: 0 s  <<< FAILURE!
java.lang.RuntimeException: Test skipped due to a detected failure in the overall suite.

com.pss.qms.ChangeControlRejection.QAApprover.setUp  Time elapsed: 0 s  <<< FAILURE!
java.lang.RuntimeException: Test skipped due to a detected failure in the overall suite.

com.pss.qms.ChangeControlRejection.QAApprover.toQAApprover  Time elapsed: 0 s  <<< FAILURE!
java.lang.RuntimeException: Test skipped due to a detected failure in the overall suite.

com.pss.qms.ChangeControlRejection.QAApprover.tearDown  Time elapsed: 0 s  <<< FAILURE!
java.lang.RuntimeException: Test skipped due to a detected failure in the overall suite.

com.pss.qms.ChangeControlRejection.PostApprovalActionsInitiate.setUp  Time elapsed: 0 s  <<< FAILURE!
java.lang.RuntimeException: Test skipped due to a detected failure in the overall suite.

com.pss.qms.ChangeControlRejection.PostApprovalActionsInitiate.toPostApprovalActionInitiate  Time elapsed: 0 s  <<< FAILURE!
java.lang.RuntimeException: Test skipped due to a detected failure in the overall suite.

com.pss.qms.ChangeControlRejection.PostApprovalActionsInitiate.tearDown  Time elapsed: 0 s  <<< FAILURE!
java.lang.RuntimeException: Test skipped due to a detected failure in the overall suite.

com.pss.qms.ChangeControlRejection.PostApprovalActionsReviewReject.setUp  Time elapsed: 0.078 s  <<< FAILURE!
java.lang.RuntimeException: Test skipped due to a detected failure in the overall suite.

com.pss.qms.ChangeControlRejection.PostApprovalActionsReviewReject.toPostApprovalActionsReviewReject  Time elapsed: 0 s  <<< FAILURE!
java.lang.RuntimeException: Test skipped due to a detected failure in the overall suite.

com.pss.qms.ChangeControlRejection.PostApprovalActionsReviewReject.tearDown  Time elapsed: 0 s  <<< FAILURE!
java.lang.RuntimeException: Test skipped due to a detected failure in the overall suite.

com.pss.qms.ChangeControlRejection.PostApprovalActionsInitiateAfterReject.setUp  Time elapsed: 0 s  <<< FAILURE!
java.lang.RuntimeException: Test skipped due to a detected failure in the overall suite.

com.pss.qms.ChangeControlRejection.PostApprovalActionsInitiateAfterReject.toPostApprovalActionsInitiateAfterReject  Time elapsed: 0 s  <<< FAILURE!
java.lang.RuntimeException: Test skipped due to a detected failure in the overall suite.

com.pss.qms.ChangeControlRejection.PostApprovalActionsInitiateAfterReject.tearDown  Time elapsed: 0 s  <<< FAILURE!
java.lang.RuntimeException: Test skipped due to a detected failure in the overall suite.

com.pss.qms.ChangeControlRejection.PostApprovalActionReviewApprove.setUp  Time elapsed: 0 s  <<< FAILURE!
java.lang.RuntimeException: Test skipped due to a detected failure in the overall suite.

com.pss.qms.ChangeControlRejection.PostApprovalActionReviewApprove.toPostApprovalActionReview  Time elapsed: 0 s  <<< FAILURE!
java.lang.RuntimeException: Test skipped due to a detected failure in the overall suite.

com.pss.qms.ChangeControlRejection.PostApprovalActionReviewApprove.tearDown  Time elapsed: 0 s  <<< FAILURE!
java.lang.RuntimeException: Test skipped due to a detected failure in the overall suite.

com.pss.qms.ChangeControlRejection.PostApprovalActionRejectApproval.setUp  Time elapsed: 0.063 s  <<< FAILURE!
java.lang.RuntimeException: Test skipped due to a detected failure in the overall suite.

com.pss.qms.ChangeControlRejection.PostApprovalActionRejectApproval.toPostApprovalActionApproval  Time elapsed: 0 s  <<< FAILURE!
java.lang.RuntimeException: Test skipped due to a detected failure in the overall suite.

com.pss.qms.ChangeControlRejection.PostApprovalActionRejectApproval.tearDown  Time elapsed: 0 s  <<< FAILURE!
java.lang.RuntimeException: Test skipped due to a detected failure in the overall suite.

com.pss.qms.ChangeControlRejection.ActionItemPerform.setUp  Time elapsed: 0 s  <<< FAILURE!
java.lang.RuntimeException: Test skipped due to a detected failure in the overall suite.

com.pss.qms.ChangeControlRejection.ActionItemPerform.toActionItemPerform  Time elapsed: 0.016 s  <<< FAILURE!
java.lang.RuntimeException: Test skipped due to a detected failure in the overall suite.

com.pss.qms.ChangeControlRejection.ActionItemPerform.tearDown  Time elapsed: 0.016 s  <<< FAILURE!
java.lang.RuntimeException: Test skipped due to a detected failure in the overall suite.

com.pss.qms.ChangeControlRejection.ActionItemReject.setUp  Time elapsed: 0.047 s  <<< FAILURE!
java.lang.RuntimeException: Test skipped due to a detected failure in the overall suite.

com.pss.qms.ChangeControlRejection.ActionItemReject.toActionItemReject  Time elapsed: 0 s  <<< FAILURE!
java.lang.RuntimeException: Test skipped due to a detected failure in the overall suite.

com.pss.qms.ChangeControlRejection.ActionItemReject.tearDown  Time elapsed: 0 s  <<< FAILURE!
java.lang.RuntimeException: Test skipped due to a detected failure in the overall suite.

com.pss.qms.ChangeControlRejection.ActionItemRejectApprove.setUp  Time elapsed: 0 s  <<< FAILURE!
java.lang.RuntimeException: Test skipped due to a detected failure in the overall suite.

com.pss.qms.ChangeControlRejection.ActionItemRejectApprove.toActionItemRejectApprove  Time elapsed: 0.015 s  <<< FAILURE!
java.lang.RuntimeException: Test skipped due to a detected failure in the overall suite.

com.pss.qms.ChangeControlRejection.ActionItemRejectApprove.tearDown  Time elapsed: 0.015 s  <<< FAILURE!
java.lang.RuntimeException: Test skipped due to a detected failure in the overall suite.

com.pss.qms.ChangeControlRejection.ActionItemReview.setUp  Time elapsed: 0.015 s  <<< FAILURE!
java.lang.RuntimeException: Test skipped due to a detected failure in the overall suite.

com.pss.qms.ChangeControlRejection.ActionItemReview.toActionItemReview  Time elapsed: 0 s  <<< FAILURE!
java.lang.RuntimeException: Test skipped due to a detected failure in the overall suite.

com.pss.qms.ChangeControlRejection.ActionItemReview.tearDown  Time elapsed: 0 s  <<< FAILURE!
java.lang.RuntimeException: Test skipped due to a detected failure in the overall suite.

com.pss.qms.ChangeControlRejection.ActionItemApproveReject.setUp  Time elapsed: 0 s  <<< FAILURE!
java.lang.RuntimeException: Test skipped due to a detected failure in the overall suite.

com.pss.qms.ChangeControlRejection.ActionItemApproveReject.toActionItemApproveReject  Time elapsed: 0 s  <<< FAILURE!
java.lang.RuntimeException: Test skipped due to a detected failure in the overall suite.

com.pss.qms.ChangeControlRejection.ActionItemApproveReject.tearDown  Time elapsed: 0 s  <<< FAILURE!
java.lang.RuntimeException: Test skipped due to a detected failure in the overall suite.

com.pss.qms.ChangeControlRejection.ActionItemPerformAfterRejectAtApprove.setUp  Time elapsed: 0.032 s  <<< FAILURE!
java.lang.RuntimeException: Test skipped due to a detected failure in the overall suite.

com.pss.qms.ChangeControlRejection.ActionItemPerformAfterRejectAtApprove.toActionItemPerform  Time elapsed: 0 s  <<< FAILURE!
java.lang.RuntimeException: Test skipped due to a detected failure in the overall suite.

com.pss.qms.ChangeControlRejection.ActionItemPerformAfterRejectAtApprove.tearDown  Time elapsed: 0.015 s  <<< FAILURE!
java.lang.RuntimeException: Test skipped due to a detected failure in the overall suite.

com.pss.qms.ChangeControlRejection.ActionItemReview.setUp  Time elapsed: 0.015 s  <<< FAILURE!
java.lang.RuntimeException: Test skipped due to a detected failure in the overall suite.

com.pss.qms.ChangeControlRejection.ActionItemReview.toActionItemReview  Time elapsed: 0 s  <<< FAILURE!
java.lang.RuntimeException: Test skipped due to a detected failure in the overall suite.

com.pss.qms.ChangeControlRejection.ActionItemReview.tearDown  Time elapsed: 0 s  <<< FAILURE!
java.lang.RuntimeException: Test skipped due to a detected failure in the overall suite.

com.pss.qms.ChangeControlRejection.ActionItemApprove.setUp  Time elapsed: 0 s  <<< FAILURE!
java.lang.RuntimeException: Test skipped due to a detected failure in the overall suite.

com.pss.qms.ChangeControlRejection.ActionItemApprove.toActionItemApprove  Time elapsed: 0 s  <<< FAILURE!
java.lang.RuntimeException: Test skipped due to a detected failure in the overall suite.

com.pss.qms.ChangeControlRejection.ActionItemApprove.tearDown  Time elapsed: 0 s  <<< FAILURE!
java.lang.RuntimeException: Test skipped due to a detected failure in the overall suite.

com.pss.qms.ChangeControlRejection.ClosureReview.setUp  Time elapsed: 0 s  <<< FAILURE!
java.lang.RuntimeException: Test skipped due to a detected failure in the overall suite.

com.pss.qms.ChangeControlRejection.ClosureReview.toCCClosureReview  Time elapsed: 0 s  <<< FAILURE!
java.lang.RuntimeException: Test skipped due to a detected failure in the overall suite.

com.pss.qms.ChangeControlRejection.ClosureReview.tearDown  Time elapsed: 0 s  <<< FAILURE!
java.lang.RuntimeException: Test skipped due to a detected failure in the overall suite.

com.pss.qms.ChangeControlRejection.ClosureApproveReject.setUp  Time elapsed: 0 s  <<< FAILURE!
java.lang.RuntimeException: Test skipped due to a detected failure in the overall suite.

com.pss.qms.ChangeControlRejection.ClosureApproveReject.toClosureApproveReject  Time elapsed: 0 s  <<< FAILURE!
java.lang.RuntimeException: Test skipped due to a detected failure in the overall suite.

com.pss.qms.ChangeControlRejection.ClosureApproveReject.tearDown  Time elapsed: 0 s  <<< FAILURE!
java.lang.RuntimeException: Test skipped due to a detected failure in the overall suite.

com.pss.qms.ChangeControlRejection.ClosureReview.setUp  Time elapsed: 0.032 s  <<< FAILURE!
java.lang.RuntimeException: Test skipped due to a detected failure in the overall suite.

com.pss.qms.ChangeControlRejection.ClosureReview.toCCClosureReview  Time elapsed: 0 s  <<< FAILURE!
java.lang.RuntimeException: Test skipped due to a detected failure in the overall suite.

com.pss.qms.ChangeControlRejection.ClosureReview.tearDown  Time elapsed: 0 s  <<< FAILURE!
java.lang.RuntimeException: Test skipped due to a detected failure in the overall suite.

com.pss.qms.ChangeControlRejection.ClosureApprove.setUp  Time elapsed: 0 s  <<< FAILURE!
java.lang.RuntimeException: Test skipped due to a detected failure in the overall suite.

com.pss.qms.ChangeControlRejection.ClosureApprove.toCCClosureApprove  Time elapsed: 0 s  <<< FAILURE!
java.lang.RuntimeException: Test skipped due to a detected failure in the overall suite.

com.pss.qms.ChangeControlRejection.ClosureApprove.tearDown  Time elapsed: 0 s  <<< FAILURE!
java.lang.RuntimeException: Test skipped due to a detected failure in the overall suite.

