<?xml version="1.0" encoding="UTF-8"?>
<!-- Generated by org.testng.reporters.JUnitReportReporter -->
<testsuite skipped="7" hostname="DESKTOP-2TQFBEG" name="com.pss.qms.AssignQMSRoles.MultiUsersAssignRoleRiskAssessmentTest" tests="8" failures="0" timestamp="2021-10-14T21:16:50 IST" time="194.882" errors="1">
  <testcase name="toMultiUserCreation" time="0.001" classname="com.pss.qms.AssignQMSRoles.MultiUsersAssignRoleRiskAssessmentTest">
    <skipped/>
  </testcase> <!-- toMultiUserCreation -->
  <testcase name="toMultiUserCreation" time="0.001" classname="com.pss.qms.AssignQMSRoles.MultiUsersAssignRoleRiskAssessmentTest">
    <skipped/>
  </testcase> <!-- toMultiUserCreation -->
  <testcase name="toMultiUserCreation" time="0.001" classname="com.pss.qms.AssignQMSRoles.MultiUsersAssignRoleRiskAssessmentTest">
    <skipped/>
  </testcase> <!-- toMultiUserCreation -->
  <testcase name="toMultiUserCreation" time="0.000" classname="com.pss.qms.AssignQMSRoles.MultiUsersAssignRoleRiskAssessmentTest">
    <skipped/>
  </testcase> <!-- toMultiUserCreation -->
  <testcase name="toMultiUserCreation" time="0.001" classname="com.pss.qms.AssignQMSRoles.MultiUsersAssignRoleRiskAssessmentTest">
    <skipped/>
  </testcase> <!-- toMultiUserCreation -->
  <testcase name="toMultiUserCreation" time="0.000" classname="com.pss.qms.AssignQMSRoles.MultiUsersAssignRoleRiskAssessmentTest">
    <skipped/>
  </testcase> <!-- toMultiUserCreation -->
  <testcase name="toMultiUserCreation" time="0.000" classname="com.pss.qms.AssignQMSRoles.MultiUsersAssignRoleRiskAssessmentTest">
    <skipped/>
  </testcase> <!-- toMultiUserCreation -->
  <testcase name="toMultiUserCreation" time="194.878" classname="com.pss.qms.AssignQMSRoles.MultiUsersAssignRoleRiskAssessmentTest">
    <error type="org.openqa.selenium.StaleElementReferenceException" message="stale element reference: element is not attached to the page document
  (Session info: chrome=94.0.4606.81)
For documentation on this error, please visit: https://www.seleniumhq.org/exceptions/stale_element_reference.html
Build info: version: &#039;3.141.59&#039;, revision: &#039;e82be7d358&#039;, time: &#039;2018-11-14T08:17:03&#039;
System info: host: &#039;DESKTOP-2TQFBEG&#039;, ip: &#039;10.0.0.3&#039;, os.name: &#039;Windows 10&#039;, os.arch: &#039;amd64&#039;, os.version: &#039;10.0&#039;, java.version: &#039;1.8.0_202&#039;
Driver info: org.openqa.selenium.chrome.ChromeDriver
Capabilities {acceptInsecureCerts: false, browserName: chrome, browserVersion: 94.0.4606.81, chrome: {chromedriverVersion: 94.0.4606.41 (333e85df3c9b6..., userDataDir: C:\Users\krmoh\AppData\Loca...}, goog:chromeOptions: {debuggerAddress: localhost:55543}, javascriptEnabled: true, networkConnectionEnabled: false, pageLoadStrategy: normal, platform: WINDOWS, platformName: WINDOWS, proxy: Proxy(), setWindowRect: true, strictFileInteractability: false, timeouts: {implicit: 0, pageLoad: 300000, script: 30000}, unhandledPromptBehavior: dismiss and notify, webauthn:extension:credBlob: true, webauthn:extension:largeBlob: true, webauthn:virtualAuthenticators: true}
Session ID: b0e92250b09ce1983f5826c0d12a907f">
      <![CDATA[org.openqa.selenium.StaleElementReferenceException: stale element reference: element is not attached to the page document
  (Session info: chrome=94.0.4606.81)
For documentation on this error, please visit: https://www.seleniumhq.org/exceptions/stale_element_reference.html
Build info: version: '3.141.59', revision: 'e82be7d358', time: '2018-11-14T08:17:03'
System info: host: 'DESKTOP-2TQFBEG', ip: '10.0.0.3', os.name: 'Windows 10', os.arch: 'amd64', os.version: '10.0', java.version: '1.8.0_202'
Driver info: org.openqa.selenium.chrome.ChromeDriver
Capabilities {acceptInsecureCerts: false, browserName: chrome, browserVersion: 94.0.4606.81, chrome: {chromedriverVersion: 94.0.4606.41 (333e85df3c9b6..., userDataDir: C:\Users\krmoh\AppData\Loca...}, goog:chromeOptions: {debuggerAddress: localhost:55543}, javascriptEnabled: true, networkConnectionEnabled: false, pageLoadStrategy: normal, platform: WINDOWS, platformName: WINDOWS, proxy: Proxy(), setWindowRect: true, strictFileInteractability: false, timeouts: {implicit: 0, pageLoad: 300000, script: 30000}, unhandledPromptBehavior: dismiss and notify, webauthn:extension:credBlob: true, webauthn:extension:largeBlob: true, webauthn:virtualAuthenticators: true}
Session ID: b0e92250b09ce1983f5826c0d12a907f
at sun.reflect.NativeConstructorAccessorImpl.newInstance0(Native Method)
at sun.reflect.NativeConstructorAccessorImpl.newInstance(NativeConstructorAccessorImpl.java:62)
at sun.reflect.DelegatingConstructorAccessorImpl.newInstance(DelegatingConstructorAccessorImpl.java:45)
at java.lang.reflect.Constructor.newInstance(Constructor.java:423)
at org.openqa.selenium.remote.http.W3CHttpResponseCodec.createException(W3CHttpResponseCodec.java:187)
at org.openqa.selenium.remote.http.W3CHttpResponseCodec.decode(W3CHttpResponseCodec.java:122)
at org.openqa.selenium.remote.http.W3CHttpResponseCodec.decode(W3CHttpResponseCodec.java:49)
at org.openqa.selenium.remote.HttpCommandExecutor.execute(HttpCommandExecutor.java:158)
at org.openqa.selenium.remote.service.DriverCommandExecutor.execute(DriverCommandExecutor.java:83)
at org.openqa.selenium.remote.RemoteWebDriver.execute(RemoteWebDriver.java:552)
at org.openqa.selenium.remote.RemoteWebElement.execute(RemoteWebElement.java:285)
at org.openqa.selenium.remote.RemoteWebElement.getText(RemoteWebElement.java:166)
at com.pss.qms.AssignQMSRoles.RiskAssessmentAssignRole.toCreateUsers(RiskAssessmentAssignRole.java:68)
at com.pss.qms.AssignQMSRoles.RiskAssessmentAssignRole.RiskAssessmentAssignRoleMethod(RiskAssessmentAssignRole.java:38)
at com.pss.qms.AssignQMSRoles.MultiUsersAssignRoleRiskAssessmentTest.toMultiUserCreation(MultiUsersAssignRoleRiskAssessmentTest.java:55)
at sun.reflect.NativeMethodAccessorImpl.invoke0(Native Method)
at sun.reflect.NativeMethodAccessorImpl.invoke(NativeMethodAccessorImpl.java:62)
at sun.reflect.DelegatingMethodAccessorImpl.invoke(DelegatingMethodAccessorImpl.java:43)
at java.lang.reflect.Method.invoke(Method.java:498)
at org.testng.internal.MethodInvocationHelper.invokeMethod(MethodInvocationHelper.java:133)
at org.testng.internal.TestInvoker.invokeMethod(TestInvoker.java:584)
at org.testng.internal.TestInvoker.invokeTestMethod(TestInvoker.java:172)
at org.testng.internal.MethodRunner.runInSequence(MethodRunner.java:46)
at org.testng.internal.TestInvoker$MethodInvocationAgent.invoke(TestInvoker.java:804)
at org.testng.internal.TestInvoker.invokeTestMethods(TestInvoker.java:145)
at org.testng.internal.TestMethodWorker.invokeTestMethods(TestMethodWorker.java:146)
at org.testng.internal.TestMethodWorker.run(TestMethodWorker.java:128)
at java.util.ArrayList.forEach(ArrayList.java:1257)
at org.testng.TestRunner.privateRun(TestRunner.java:770)
at org.testng.TestRunner.run(TestRunner.java:591)
at org.testng.SuiteRunner.runTest(SuiteRunner.java:402)
at org.testng.SuiteRunner.runSequentially(SuiteRunner.java:396)
at org.testng.SuiteRunner.privateRun(SuiteRunner.java:355)
at org.testng.SuiteRunner.run(SuiteRunner.java:304)
at org.testng.SuiteRunnerWorker.runSuite(SuiteRunnerWorker.java:53)
at org.testng.SuiteRunnerWorker.run(SuiteRunnerWorker.java:96)
at org.testng.TestNG.runSuitesSequentially(TestNG.java:1180)
at org.testng.TestNG.runSuitesLocally(TestNG.java:1102)
at org.testng.TestNG.runSuites(TestNG.java:1032)
at org.testng.TestNG.run(TestNG.java:1000)
at org.testng.remote.AbstractRemoteTestNG.run(AbstractRemoteTestNG.java:115)
at org.testng.remote.RemoteTestNG.initAndRun(RemoteTestNG.java:251)
at org.testng.remote.RemoteTestNG.main(RemoteTestNG.java:77)
]]>
    </error>
  </testcase> <!-- toMultiUserCreation -->
</testsuite> <!-- com.pss.qms.AssignQMSRoles.MultiUsersAssignRoleRiskAssessmentTest -->
